{"/home/travis/build/npmtest/node-npmtest-xss-filters/test.js":{"path":"/home/travis/build/npmtest/node-npmtest-xss-filters/test.js","s":{"1":2,"2":2,"3":2,"4":2,"5":2,"6":2,"7":2,"8":1,"9":2,"10":2,"11":1,"12":1,"13":1,"14":1,"15":2,"16":2,"17":2,"18":2,"19":1,"20":1,"21":2,"22":2,"23":2,"24":1,"25":1,"26":1,"27":1,"28":1,"29":1,"30":1,"31":1,"32":1,"33":1,"34":1,"35":1,"36":1,"37":1,"38":1,"39":2,"40":2,"41":1,"42":2,"43":2,"44":1,"45":2,"46":2,"47":1,"48":2,"49":2,"50":1,"51":1,"52":1,"53":1,"54":1},"b":{"1":[2,1,1,1],"2":[1,1,1,1],"3":[1,1],"4":[1,1],"5":[1,1],"6":[1,1],"7":[1,1],"8":[1,1],"9":[1,1],"10":[1,1,1],"11":[1,1],"12":[1,1],"13":[1,1],"14":[1,1],"15":[1,1],"16":[1,1],"17":[1,1]},"f":{"1":2,"2":2,"3":2,"4":2,"5":2,"6":1,"7":1,"8":1,"9":2,"10":2,"11":2,"12":2,"13":1},"fnMap":{"1":{"name":"(anonymous_1)","line":12,"loc":{"start":{"line":12,"column":1},"end":{"line":12,"column":13}}},"2":{"name":"(anonymous_2)","line":19,"loc":{"start":{"line":19,"column":5},"end":{"line":19,"column":17}}},"3":{"name":"(anonymous_3)","line":23,"loc":{"start":{"line":23,"column":24},"end":{"line":23,"column":36}}},"4":{"name":"(anonymous_4)","line":61,"loc":{"start":{"line":61,"column":5},"end":{"line":61,"column":17}}},"5":{"name":"(anonymous_5)","line":82,"loc":{"start":{"line":82,"column":5},"end":{"line":82,"column":17}}},"6":{"name":"(anonymous_6)","line":91,"loc":{"start":{"line":91,"column":77},"end":{"line":94,"column":10}}},"7":{"name":"(anonymous_7)","line":112,"loc":{"start":{"line":112,"column":83},"end":{"line":115,"column":10}},"skip":true},"8":{"name":"(anonymous_8)","line":123,"loc":{"start":{"line":123,"column":77},"end":{"line":126,"column":10}},"skip":true},"9":{"name":"(anonymous_9)","line":139,"loc":{"start":{"line":139,"column":12},"end":{"line":139,"column":40}},"skip":true},"10":{"name":"(anonymous_10)","line":147,"loc":{"start":{"line":147,"column":77},"end":{"line":150,"column":10}},"skip":true},"11":{"name":"(anonymous_11)","line":158,"loc":{"start":{"line":158,"column":83},"end":{"line":161,"column":10}},"skip":true},"12":{"name":"(anonymous_12)","line":169,"loc":{"start":{"line":169,"column":79},"end":{"line":172,"column":10}},"skip":true},"13":{"name":"(anonymous_13)","line":180,"loc":{"start":{"line":180,"column":75},"end":{"line":183,"column":10}},"skip":true}},"statementMap":{"1":{"start":{"line":12,"column":0},"end":{"line":195,"column":5}},"2":{"start":{"line":14,"column":4},"end":{"line":14,"column":14}},"3":{"start":{"line":19,"column":4},"end":{"line":56,"column":9}},"4":{"start":{"line":21,"column":8},"end":{"line":21,"column":19}},"5":{"start":{"line":23,"column":8},"end":{"line":35,"column":13}},"6":{"start":{"line":24,"column":12},"end":{"line":34,"column":13}},"7":{"start":{"line":25,"column":16},"end":{"line":28,"column":30}},"8":{"start":{"line":30,"column":16},"end":{"line":33,"column":27}},"9":{"start":{"line":37,"column":8},"end":{"line":39,"column":21}},"10":{"start":{"line":40,"column":8},"end":{"line":53,"column":9}},"11":{"start":{"line":43,"column":12},"end":{"line":46,"column":14}},"12":{"start":{"line":47,"column":12},"end":{"line":47,"column":18}},"13":{"start":{"line":50,"column":12},"end":{"line":51,"column":33}},"14":{"start":{"line":52,"column":12},"end":{"line":52,"column":18}},"15":{"start":{"line":55,"column":8},"end":{"line":55,"column":35}},"16":{"start":{"line":61,"column":4},"end":{"line":63,"column":9}},"17":{"start":{"line":62,"column":8},"end":{"line":62,"column":15}},"18":{"start":{"line":64,"column":4},"end":{"line":77,"column":5}},"19":{"start":{"line":70,"column":8},"end":{"line":70,"column":14}},"20":{"start":{"line":76,"column":8},"end":{"line":76,"column":14}},"21":{"start":{"line":82,"column":4},"end":{"line":84,"column":9}},"22":{"start":{"line":83,"column":8},"end":{"line":83,"column":15}},"23":{"start":{"line":85,"column":4},"end":{"line":194,"column":5}},"24":{"start":{"line":91,"column":8},"end":{"line":99,"column":10}},"25":{"start":{"line":98,"column":12},"end":{"line":98,"column":35}},"26":{"start":{"line":102,"column":8},"end":{"line":104,"column":63}},"27":{"start":{"line":105,"column":8},"end":{"line":105,"column":14}},"28":{"start":{"line":112,"column":8},"end":{"line":121,"column":10},"skip":true},"29":{"start":{"line":119,"column":12},"end":{"line":119,"column":55},"skip":true},"30":{"start":{"line":120,"column":12},"end":{"line":120,"column":48},"skip":true},"31":{"start":{"line":123,"column":8},"end":{"line":136,"column":10},"skip":true},"32":{"start":{"line":130,"column":12},"end":{"line":130,"column":76},"skip":true},"33":{"start":{"line":131,"column":12},"end":{"line":131,"column":73},"skip":true},"34":{"start":{"line":132,"column":12},"end":{"line":132,"column":74},"skip":true},"35":{"start":{"line":133,"column":12},"end":{"line":133,"column":79},"skip":true},"36":{"start":{"line":134,"column":12},"end":{"line":134,"column":25},"skip":true},"37":{"start":{"line":135,"column":12},"end":{"line":135,"column":45},"skip":true},"38":{"start":{"line":138,"column":8},"end":{"line":145,"column":14},"skip":true},"39":{"start":{"line":143,"column":16},"end":{"line":143,"column":29},"skip":true},"40":{"start":{"line":144,"column":16},"end":{"line":144,"column":55},"skip":true},"41":{"start":{"line":147,"column":8},"end":{"line":156,"column":10},"skip":true},"42":{"start":{"line":154,"column":12},"end":{"line":154,"column":25},"skip":true},"43":{"start":{"line":155,"column":12},"end":{"line":155,"column":45},"skip":true},"44":{"start":{"line":158,"column":8},"end":{"line":167,"column":10},"skip":true},"45":{"start":{"line":165,"column":12},"end":{"line":165,"column":25},"skip":true},"46":{"start":{"line":166,"column":12},"end":{"line":166,"column":48},"skip":true},"47":{"start":{"line":169,"column":8},"end":{"line":178,"column":10},"skip":true},"48":{"start":{"line":176,"column":12},"end":{"line":176,"column":25},"skip":true},"49":{"start":{"line":177,"column":12},"end":{"line":177,"column":46},"skip":true},"50":{"start":{"line":180,"column":8},"end":{"line":189,"column":10},"skip":true},"51":{"start":{"line":187,"column":12},"end":{"line":187,"column":94},"skip":true},"52":{"start":{"line":188,"column":12},"end":{"line":188,"column":48},"skip":true},"53":{"start":{"line":192,"column":8},"end":{"line":192,"column":35},"skip":true},"54":{"start":{"line":193,"column":8},"end":{"line":193,"column":14},"skip":true}},"branchMap":{"1":{"line":25,"type":"binary-expr","locations":[{"start":{"line":25,"column":23},"end":{"line":25,"column":62}},{"start":{"line":26,"column":20},"end":{"line":26,"column":70}},{"start":{"line":27,"column":20},"end":{"line":27,"column":71}},{"start":{"line":28,"column":20},"end":{"line":28,"column":29}}]},"2":{"line":30,"type":"binary-expr","locations":[{"start":{"line":30,"column":23},"end":{"line":30,"column":37}},{"start":{"line":31,"column":20},"end":{"line":31,"column":61}},{"start":{"line":32,"column":20},"end":{"line":32,"column":70}},{"start":{"line":33,"column":20},"end":{"line":33,"column":26}}]},"3":{"line":37,"type":"cond-expr","locations":[{"start":{"line":38,"column":14},"end":{"line":38,"column":20}},{"start":{"line":39,"column":14},"end":{"line":39,"column":20}}]},"4":{"line":40,"type":"switch","locations":[{"start":{"line":42,"column":8},"end":{"line":47,"column":18}},{"start":{"line":49,"column":8},"end":{"line":52,"column":18}}]},"5":{"line":44,"type":"binary-expr","locations":[{"start":{"line":44,"column":16},"end":{"line":44,"column":44}},{"start":{"line":44,"column":48},"end":{"line":44,"column":66}}]},"6":{"line":50,"type":"binary-expr","locations":[{"start":{"line":50,"column":21},"end":{"line":50,"column":49}},{"start":{"line":50,"column":53},"end":{"line":50,"column":72}}]},"7":{"line":64,"type":"switch","locations":[{"start":{"line":69,"column":4},"end":{"line":70,"column":14}},{"start":{"line":75,"column":4},"end":{"line":76,"column":14}}]},"8":{"line":85,"type":"switch","locations":[{"start":{"line":90,"column":4},"end":{"line":105,"column":14}},{"start":{"line":111,"column":4},"end":{"line":193,"column":14},"skip":true}]},"9":{"line":91,"type":"binary-expr","locations":[{"start":{"line":91,"column":42},"end":{"line":91,"column":73}},{"start":{"line":91,"column":77},"end":{"line":99,"column":9}}]},"10":{"line":102,"type":"binary-expr","locations":[{"start":{"line":102,"column":18},"end":{"line":102,"column":32}},{"start":{"line":103,"column":12},"end":{"line":103,"column":53}},{"start":{"line":104,"column":12},"end":{"line":104,"column":61}}]},"11":{"line":112,"type":"binary-expr","locations":[{"start":{"line":112,"column":45},"end":{"line":112,"column":79},"skip":true},{"start":{"line":112,"column":83},"end":{"line":121,"column":9},"skip":true}]},"12":{"line":123,"type":"binary-expr","locations":[{"start":{"line":123,"column":42},"end":{"line":123,"column":73},"skip":true},{"start":{"line":123,"column":77},"end":{"line":136,"column":9},"skip":true}]},"13":{"line":138,"type":"binary-expr","locations":[{"start":{"line":138,"column":48},"end":{"line":138,"column":85},"skip":true},{"start":{"line":139,"column":12},"end":{"line":145,"column":13},"skip":true}]},"14":{"line":147,"type":"binary-expr","locations":[{"start":{"line":147,"column":42},"end":{"line":147,"column":73},"skip":true},{"start":{"line":147,"column":77},"end":{"line":156,"column":9},"skip":true}]},"15":{"line":158,"type":"binary-expr","locations":[{"start":{"line":158,"column":45},"end":{"line":158,"column":79},"skip":true},{"start":{"line":158,"column":83},"end":{"line":167,"column":9},"skip":true}]},"16":{"line":169,"type":"binary-expr","locations":[{"start":{"line":169,"column":43},"end":{"line":169,"column":75},"skip":true},{"start":{"line":169,"column":79},"end":{"line":178,"column":9},"skip":true}]},"17":{"line":180,"type":"binary-expr","locations":[{"start":{"line":180,"column":41},"end":{"line":180,"column":71},"skip":true},{"start":{"line":180,"column":75},"end":{"line":189,"column":9},"skip":true}]}},"code":["/* istanbul instrument in package npmtest_xss_filters */","/*jslint","    bitwise: true,","    browser: true,","    maxerr: 8,","    maxlen: 96,","    node: true,","    nomen: true,","    regexp: true,","    stupid: true","*/","(function () {","    'use strict';","    var local;","","","","    // run shared js-env code - pre-init","    (function () {","        // init local","        local = {};","        // init modeJs","        local.modeJs = (function () {","            try {","                return typeof navigator.userAgent === 'string' &&","                    typeof document.querySelector('body') === 'object' &&","                    typeof XMLHttpRequest.prototype.open === 'function' &&","                    'browser';","            } catch (errorCaughtBrowser) {","                return module.exports &&","                    typeof process.versions.node === 'string' &&","                    typeof require('http').createServer === 'function' &&","                    'node';","            }","        }());","        // init global","        local.global = local.modeJs === 'browser'","            ? window","            : global;","        switch (local.modeJs) {","        // re-init local from window.local","        case 'browser':","            local = local.global.utility2.objectSetDefault(","                local.global.utility2_rollup || local.global.local,","                local.global.utility2","            );","            break;","        // re-init local from example.js","        case 'node':","            local = (local.global.utility2_rollup || require('utility2'))","                .requireReadme();","            break;","        }","        // export local","        local.global.local = local;","    }());","","","","    // run shared js-env code - function","    (function () {","        return;","    }());","    switch (local.modeJs) {","","","","    // run browser js-env code - function","    case 'browser':","        break;","","","","    // run node js-env code - function","    case 'node':","        break;","    }","","","","    // run shared js-env code - post-init","    (function () {","        return;","    }());","    switch (local.modeJs) {","","","","    // run browser js-env code - post-init","    case 'browser':","        local.testCase_browser_nullCase = local.testCase_browser_nullCase || function (","            options,","            onError","        ) {","        /*","         * this function will test browsers's null-case handling-behavior-behavior","         */","            onError(null, options);","        };","","        // run tests","        local.nop(local.modeTest &&","            document.querySelector('#testRunButton1') &&","            document.querySelector('#testRunButton1').click());","        break;","","","","    // run node js-env code - post-init","    /* istanbul ignore next */","    case 'node':","        local.testCase_buildApidoc_default = local.testCase_buildApidoc_default || function (","            options,","            onError","        ) {","        /*","         * this function will test buildApidoc's default handling-behavior-behavior","         */","            options = { modulePathList: module.paths };","            local.buildApidoc(options, onError);","        };","","        local.testCase_buildApp_default = local.testCase_buildApp_default || function (","            options,","            onError","        ) {","        /*","         * this function will test buildApp's default handling-behavior-behavior","         */","            local.testCase_buildReadme_default(options, local.onErrorThrow);","            local.testCase_buildLib_default(options, local.onErrorThrow);","            local.testCase_buildTest_default(options, local.onErrorThrow);","            local.testCase_buildCustomOrg_default(options, local.onErrorThrow);","            options = [];","            local.buildApp(options, onError);","        };","","        local.testCase_buildCustomOrg_default = local.testCase_buildCustomOrg_default ||","            function (options, onError) {","            /*","             * this function will test buildCustomOrg's default handling-behavior","             */","                options = {};","                local.buildCustomOrg(options, onError);","            };","","        local.testCase_buildLib_default = local.testCase_buildLib_default || function (","            options,","            onError","        ) {","        /*","         * this function will test buildLib's default handling-behavior","         */","            options = {};","            local.buildLib(options, onError);","        };","","        local.testCase_buildReadme_default = local.testCase_buildReadme_default || function (","            options,","            onError","        ) {","        /*","         * this function will test buildReadme's default handling-behavior-behavior","         */","            options = {};","            local.buildReadme(options, onError);","        };","","        local.testCase_buildTest_default = local.testCase_buildTest_default || function (","            options,","            onError","        ) {","        /*","         * this function will test buildTest's default handling-behavior","         */","            options = {};","            local.buildTest(options, onError);","        };","","        local.testCase_webpage_default = local.testCase_webpage_default || function (","            options,","            onError","        ) {","        /*","         * this function will test webpage's default handling-behavior","         */","            options = { modeCoverageMerge: true, url: local.serverLocalHost + '?modeTest=1' };","            local.browserTest(options, onError);","        };","","        // run test-server","        local.testRunServer(local);","        break;","    }","}());",""],"l":{"12":2,"14":2,"19":2,"21":2,"23":2,"24":2,"25":2,"30":1,"37":2,"40":2,"43":1,"47":1,"50":1,"52":1,"55":2,"61":2,"62":2,"64":2,"70":1,"76":1,"82":2,"83":2,"85":2,"91":1,"98":1,"102":1,"105":1,"112":1,"119":1,"120":1,"123":1,"130":1,"131":1,"132":1,"133":1,"134":1,"135":1,"138":1,"143":2,"144":2,"147":1,"154":2,"155":2,"158":1,"165":2,"166":2,"169":1,"176":2,"177":2,"180":1,"187":1,"188":1,"192":1,"193":1}},"/home/travis/build/npmtest/node-npmtest-xss-filters/lib.npmtest_xss_filters.js":{"path":"/home/travis/build/npmtest/node-npmtest-xss-filters/lib.npmtest_xss_filters.js","s":{"1":2,"2":2,"3":2,"4":2,"5":2,"6":2,"7":2,"8":1,"9":2,"10":2,"11":2,"12":2,"13":1,"14":1,"15":1,"16":1},"b":{"1":[2,1,1,1],"2":[1,1,1,1],"3":[1,1],"4":[2,2],"5":[1,1]},"f":{"1":2,"2":2,"3":2},"fnMap":{"1":{"name":"(anonymous_1)","line":12,"loc":{"start":{"line":12,"column":1},"end":{"line":12,"column":13}}},"2":{"name":"(anonymous_2)","line":19,"loc":{"start":{"line":19,"column":5},"end":{"line":19,"column":17}}},"3":{"name":"(anonymous_3)","line":23,"loc":{"start":{"line":23,"column":24},"end":{"line":23,"column":36}}}},"statementMap":{"1":{"start":{"line":12,"column":0},"end":{"line":53,"column":5}},"2":{"start":{"line":14,"column":4},"end":{"line":14,"column":14}},"3":{"start":{"line":19,"column":4},"end":{"line":52,"column":9}},"4":{"start":{"line":21,"column":8},"end":{"line":21,"column":19}},"5":{"start":{"line":23,"column":8},"end":{"line":35,"column":13}},"6":{"start":{"line":24,"column":12},"end":{"line":34,"column":13}},"7":{"start":{"line":25,"column":16},"end":{"line":28,"column":30}},"8":{"start":{"line":30,"column":16},"end":{"line":33,"column":27}},"9":{"start":{"line":37,"column":8},"end":{"line":39,"column":21}},"10":{"start":{"line":41,"column":8},"end":{"line":41,"column":54}},"11":{"start":{"line":43,"column":8},"end":{"line":43,"column":56}},"12":{"start":{"line":45,"column":8},"end":{"line":51,"column":9}},"13":{"start":{"line":46,"column":12},"end":{"line":46,"column":62}},"14":{"start":{"line":48,"column":12},"end":{"line":48,"column":35}},"15":{"start":{"line":49,"column":12},"end":{"line":49,"column":49}},"16":{"start":{"line":50,"column":12},"end":{"line":50,"column":43}}},"branchMap":{"1":{"line":25,"type":"binary-expr","locations":[{"start":{"line":25,"column":23},"end":{"line":25,"column":62}},{"start":{"line":26,"column":20},"end":{"line":26,"column":70}},{"start":{"line":27,"column":20},"end":{"line":27,"column":71}},{"start":{"line":28,"column":20},"end":{"line":28,"column":29}}]},"2":{"line":30,"type":"binary-expr","locations":[{"start":{"line":30,"column":23},"end":{"line":30,"column":37}},{"start":{"line":31,"column":20},"end":{"line":31,"column":61}},{"start":{"line":32,"column":20},"end":{"line":32,"column":70}},{"start":{"line":33,"column":20},"end":{"line":33,"column":26}}]},"3":{"line":37,"type":"cond-expr","locations":[{"start":{"line":38,"column":14},"end":{"line":38,"column":20}},{"start":{"line":39,"column":14},"end":{"line":39,"column":20}}]},"4":{"line":41,"type":"binary-expr","locations":[{"start":{"line":41,"column":16},"end":{"line":41,"column":44}},{"start":{"line":41,"column":48},"end":{"line":41,"column":53}}]},"5":{"line":45,"type":"if","locations":[{"start":{"line":45,"column":8},"end":{"line":45,"column":8}},{"start":{"line":45,"column":8},"end":{"line":45,"column":8}}]}},"code":["/* istanbul instrument in package npmtest_xss_filters */","/*jslint","    bitwise: true,","    browser: true,","    maxerr: 8,","    maxlen: 96,","    node: true,","    nomen: true,","    regexp: true,","    stupid: true","*/","(function () {","    'use strict';","    var local;","","","","    // run shared js-env code - pre-init","    (function () {","        // init local","        local = {};","        // init modeJs","        local.modeJs = (function () {","            try {","                return typeof navigator.userAgent === 'string' &&","                    typeof document.querySelector('body') === 'object' &&","                    typeof XMLHttpRequest.prototype.open === 'function' &&","                    'browser';","            } catch (errorCaughtBrowser) {","                return module.exports &&","                    typeof process.versions.node === 'string' &&","                    typeof require('http').createServer === 'function' &&","                    'node';","            }","        }());","        // init global","        local.global = local.modeJs === 'browser'","            ? window","            : global;","        // init utility2_rollup","        local = local.global.utility2_rollup || local;","        // init lib","        local.local = local.npmtest_xss_filters = local;","        // init exports","        if (local.modeJs === 'browser') {","            local.global.utility2_npmtest_xss_filters = local;","        } else {","            module.exports = local;","            module.exports.__dirname = __dirname;","            module.exports.module = module;","        }","    }());","}());",""],"l":{"12":2,"14":2,"19":2,"21":2,"23":2,"24":2,"25":2,"30":1,"37":2,"41":2,"43":2,"45":2,"46":1,"48":1,"49":1,"50":1}},"/home/travis/build/npmtest/node-npmtest-xss-filters/example.js":{"path":"/home/travis/build/npmtest/node-npmtest-xss-filters/example.js","s":{"1":2,"2":2,"3":2,"4":2,"5":2,"6":2,"7":2,"8":1,"9":2,"10":2,"11":2,"12":2,"13":1,"14":2,"15":2,"16":2,"17":2,"18":2,"19":0,"20":2,"21":1,"22":1,"23":1,"24":1,"25":1,"26":0,"27":0,"28":1,"29":1,"30":2,"31":0,"32":0,"33":0,"34":1,"35":2,"36":2,"37":3,"38":3,"39":3,"40":3,"41":0,"42":3,"43":3,"44":3,"45":1,"46":3,"47":1,"48":1,"49":1,"50":1,"51":1,"52":1,"53":1,"54":1,"55":1,"56":1,"57":0,"58":1,"59":6,"60":6,"61":1,"62":2,"63":0,"64":2,"65":1,"66":1,"67":0,"68":0,"69":0,"70":0,"71":0,"72":0,"73":0,"74":0,"75":0,"76":0,"77":0,"78":0,"79":0,"80":0,"81":0,"82":0,"83":0},"b":{"1":[2,1,1,1],"2":[1,1,1,1],"3":[1,1],"4":[2,2],"5":[1,1],"6":[1,1],"7":[2,0],"8":[2,1,1,1,1,1],"9":[0,2,0],"10":[1,1],"11":[2,1,1],"12":[1,0],"13":[0,2],"14":[2,0,0,0,0,0,0],"15":[0,3],"16":[3,0],"17":[1,1],"18":[0,1],"19":[1,2,0,2],"20":[1,0],"21":[1,1],"22":[0,0],"23":[0,0],"24":[0,0],"25":[0,0],"26":[0,0],"27":[0,0],"28":[0,0]},"f":{"1":2,"2":2,"3":2,"4":2,"5":2,"6":2,"7":3,"8":3,"9":3,"10":1,"11":6,"12":0},"fnMap":{"1":{"name":"(anonymous_1)","line":26,"loc":{"start":{"line":26,"column":1},"end":{"line":26,"column":13}}},"2":{"name":"(anonymous_2)","line":33,"loc":{"start":{"line":33,"column":5},"end":{"line":33,"column":17}}},"3":{"name":"(anonymous_3)","line":37,"loc":{"start":{"line":37,"column":24},"end":{"line":37,"column":36}}},"4":{"name":"(anonymous_4)","line":69,"loc":{"start":{"line":69,"column":31},"end":{"line":69,"column":48}},"skip":true},"5":{"name":"(anonymous_5)","line":78,"loc":{"start":{"line":78,"column":26},"end":{"line":78,"column":45}},"skip":true},"6":{"name":"(anonymous_6)","line":123,"loc":{"start":{"line":123,"column":33},"end":{"line":123,"column":48}},"skip":true},"7":{"name":"(anonymous_7)","line":125,"loc":{"start":{"line":125,"column":27},"end":{"line":125,"column":39}},"skip":true},"8":{"name":"(anonymous_8)","line":133,"loc":{"start":{"line":133,"column":59},"end":{"line":133,"column":74}},"skip":true},"9":{"name":"(anonymous_9)","line":143,"loc":{"start":{"line":143,"column":45},"end":{"line":143,"column":62}},"skip":true},"10":{"name":"(anonymous_10)","line":144,"loc":{"start":{"line":144,"column":73},"end":{"line":144,"column":92}},"skip":true},"11":{"name":"(anonymous_11)","line":272,"loc":{"start":{"line":272,"column":51},"end":{"line":272,"column":77}},"skip":true},"12":{"name":"(anonymous_12)","line":315,"loc":{"start":{"line":315,"column":32},"end":{"line":315,"column":61}},"skip":true}},"statementMap":{"1":{"start":{"line":26,"column":0},"end":{"line":326,"column":5}},"2":{"start":{"line":28,"column":4},"end":{"line":28,"column":14}},"3":{"start":{"line":33,"column":4},"end":{"line":60,"column":9}},"4":{"start":{"line":35,"column":8},"end":{"line":35,"column":19}},"5":{"start":{"line":37,"column":8},"end":{"line":49,"column":13}},"6":{"start":{"line":38,"column":12},"end":{"line":48,"column":13}},"7":{"start":{"line":39,"column":16},"end":{"line":42,"column":30}},"8":{"start":{"line":44,"column":16},"end":{"line":47,"column":27}},"9":{"start":{"line":51,"column":8},"end":{"line":53,"column":21}},"10":{"start":{"line":55,"column":8},"end":{"line":57,"column":45}},"11":{"start":{"line":59,"column":8},"end":{"line":59,"column":35}},"12":{"start":{"line":61,"column":4},"end":{"line":325,"column":5}},"13":{"start":{"line":69,"column":8},"end":{"line":121,"column":10},"skip":true},"14":{"start":{"line":70,"column":12},"end":{"line":88,"column":13},"skip":true},"15":{"start":{"line":76,"column":16},"end":{"line":87,"column":19},"skip":true},"16":{"start":{"line":79,"column":20},"end":{"line":86,"column":21},"skip":true},"17":{"start":{"line":82,"column":24},"end":{"line":82,"column":43},"skip":true},"18":{"start":{"line":83,"column":24},"end":{"line":83,"column":30},"skip":true},"19":{"start":{"line":85,"column":24},"end":{"line":85,"column":49},"skip":true},"20":{"start":{"line":89,"column":12},"end":{"line":107,"column":13},"skip":true},"21":{"start":{"line":92,"column":16},"end":{"line":102,"column":17},"skip":true},"22":{"start":{"line":93,"column":20},"end":{"line":93,"column":86},"skip":true},"23":{"start":{"line":94,"column":20},"end":{"line":95,"column":45},"skip":true},"24":{"start":{"line":96,"column":20},"end":{"line":96,"column":42},"skip":true},"25":{"start":{"line":97,"column":20},"end":{"line":97,"column":48},"skip":true},"26":{"start":{"line":100,"column":20},"end":{"line":100,"column":85},"skip":true},"27":{"start":{"line":101,"column":20},"end":{"line":101,"column":96},"skip":true},"28":{"start":{"line":103,"column":16},"end":{"line":103,"column":22},"skip":true},"29":{"start":{"line":106,"column":16},"end":{"line":106,"column":22},"skip":true},"30":{"start":{"line":108,"column":12},"end":{"line":120,"column":13},"skip":true},"31":{"start":{"line":114,"column":16},"end":{"line":119,"column":17},"skip":true},"32":{"start":{"line":116,"column":20},"end":{"line":116,"column":78},"skip":true},"33":{"start":{"line":118,"column":20},"end":{"line":118,"column":47},"skip":true},"34":{"start":{"line":123,"column":8},"end":{"line":141,"column":11},"skip":true},"35":{"start":{"line":124,"column":12},"end":{"line":124,"column":54},"skip":true},"36":{"start":{"line":125,"column":12},"end":{"line":140,"column":14},"skip":true},"37":{"start":{"line":126,"column":16},"end":{"line":126,"column":28},"skip":true},"38":{"start":{"line":127,"column":16},"end":{"line":127,"column":69},"skip":true},"39":{"start":{"line":128,"column":16},"end":{"line":128,"column":75},"skip":true},"40":{"start":{"line":129,"column":16},"end":{"line":131,"column":17},"skip":true},"41":{"start":{"line":130,"column":20},"end":{"line":130,"column":27},"skip":true},"42":{"start":{"line":133,"column":16},"end":{"line":137,"column":36},"skip":true},"43":{"start":{"line":134,"column":20},"end":{"line":136,"column":55},"skip":true},"44":{"start":{"line":139,"column":16},"end":{"line":139,"column":57},"skip":true},"45":{"start":{"line":143,"column":8},"end":{"line":147,"column":11},"skip":true},"46":{"start":{"line":144,"column":12},"end":{"line":146,"column":15},"skip":true},"47":{"start":{"line":145,"column":16},"end":{"line":145,"column":70},"skip":true},"48":{"start":{"line":149,"column":8},"end":{"line":149,"column":31},"skip":true},"49":{"start":{"line":150,"column":8},"end":{"line":150,"column":14},"skip":true},"50":{"start":{"line":158,"column":8},"end":{"line":158,"column":31},"skip":true},"51":{"start":{"line":160,"column":8},"end":{"line":160,"column":33},"skip":true},"52":{"start":{"line":161,"column":8},"end":{"line":161,"column":37},"skip":true},"53":{"start":{"line":162,"column":8},"end":{"line":162,"column":35},"skip":true},"54":{"start":{"line":164,"column":8},"end":{"line":164,"column":50},"skip":true},"55":{"start":{"line":166,"column":8},"end":{"line":256,"column":2},"skip":true},"56":{"start":{"line":258,"column":8},"end":{"line":286,"column":9},"skip":true},"57":{"start":{"line":259,"column":12},"end":{"line":269,"column":14},"skip":true},"58":{"start":{"line":271,"column":12},"end":{"line":285,"column":19},"skip":true},"59":{"start":{"line":274,"column":20},"end":{"line":274,"column":35},"skip":true},"60":{"start":{"line":275,"column":20},"end":{"line":284,"column":21},"skip":true},"61":{"start":{"line":277,"column":24},"end":{"line":277,"column":64},"skip":true},"62":{"start":{"line":279,"column":24},"end":{"line":279,"column":40},"skip":true},"63":{"start":{"line":281,"column":24},"end":{"line":281,"column":40},"skip":true},"64":{"start":{"line":283,"column":24},"end":{"line":283,"column":39},"skip":true},"65":{"start":{"line":288,"column":8},"end":{"line":290,"column":9},"skip":true},"66":{"start":{"line":289,"column":12},"end":{"line":289,"column":18},"skip":true},"67":{"start":{"line":291,"column":8},"end":{"line":293,"column":54},"skip":true},"68":{"start":{"line":296,"column":8},"end":{"line":301,"column":37},"skip":true},"69":{"start":{"line":303,"column":8},"end":{"line":303,"column":82},"skip":true},"70":{"start":{"line":306,"column":8},"end":{"line":308,"column":9},"skip":true},"71":{"start":{"line":307,"column":12},"end":{"line":307,"column":82},"skip":true},"72":{"start":{"line":310,"column":8},"end":{"line":312,"column":9},"skip":true},"73":{"start":{"line":311,"column":12},"end":{"line":311,"column":18},"skip":true},"74":{"start":{"line":313,"column":8},"end":{"line":313,"column":54},"skip":true},"75":{"start":{"line":314,"column":8},"end":{"line":314,"column":69},"skip":true},"76":{"start":{"line":315,"column":8},"end":{"line":323,"column":36},"skip":true},"77":{"start":{"line":316,"column":12},"end":{"line":316,"column":61},"skip":true},"78":{"start":{"line":317,"column":12},"end":{"line":320,"column":13},"skip":true},"79":{"start":{"line":318,"column":16},"end":{"line":318,"column":75},"skip":true},"80":{"start":{"line":319,"column":16},"end":{"line":319,"column":23},"skip":true},"81":{"start":{"line":321,"column":12},"end":{"line":321,"column":38},"skip":true},"82":{"start":{"line":322,"column":12},"end":{"line":322,"column":27},"skip":true},"83":{"start":{"line":324,"column":8},"end":{"line":324,"column":14},"skip":true}},"branchMap":{"1":{"line":39,"type":"binary-expr","locations":[{"start":{"line":39,"column":23},"end":{"line":39,"column":62}},{"start":{"line":40,"column":20},"end":{"line":40,"column":70}},{"start":{"line":41,"column":20},"end":{"line":41,"column":71}},{"start":{"line":42,"column":20},"end":{"line":42,"column":29}}]},"2":{"line":44,"type":"binary-expr","locations":[{"start":{"line":44,"column":23},"end":{"line":44,"column":37}},{"start":{"line":45,"column":20},"end":{"line":45,"column":61}},{"start":{"line":46,"column":20},"end":{"line":46,"column":70}},{"start":{"line":47,"column":20},"end":{"line":47,"column":26}}]},"3":{"line":51,"type":"cond-expr","locations":[{"start":{"line":52,"column":14},"end":{"line":52,"column":20}},{"start":{"line":53,"column":14},"end":{"line":53,"column":20}}]},"4":{"line":55,"type":"binary-expr","locations":[{"start":{"line":55,"column":16},"end":{"line":55,"column":44}},{"start":{"line":55,"column":49},"end":{"line":57,"column":43}}]},"5":{"line":55,"type":"cond-expr","locations":[{"start":{"line":56,"column":14},"end":{"line":56,"column":55}},{"start":{"line":57,"column":14},"end":{"line":57,"column":43}}]},"6":{"line":61,"type":"switch","locations":[{"start":{"line":68,"column":4},"end":{"line":150,"column":14},"skip":true},{"start":{"line":156,"column":4},"end":{"line":324,"column":14},"skip":true}]},"7":{"line":70,"type":"if","locations":[{"start":{"line":70,"column":12},"end":{"line":70,"column":12},"skip":true},{"start":{"line":70,"column":12},"end":{"line":70,"column":12},"skip":true}]},"8":{"line":70,"type":"binary-expr","locations":[{"start":{"line":70,"column":16},"end":{"line":70,"column":22},"skip":true},{"start":{"line":70,"column":27},"end":{"line":70,"column":32},"skip":true},{"start":{"line":71,"column":20},"end":{"line":71,"column":39},"skip":true},{"start":{"line":72,"column":20},"end":{"line":72,"column":49},"skip":true},{"start":{"line":73,"column":20},"end":{"line":73,"column":58},"skip":true},{"start":{"line":74,"column":20},"end":{"line":74,"column":69},"skip":true}]},"9":{"line":79,"type":"switch","locations":[{"start":{"line":80,"column":20},"end":{"line":80,"column":33},"skip":true},{"start":{"line":81,"column":20},"end":{"line":83,"column":30},"skip":true},{"start":{"line":84,"column":20},"end":{"line":85,"column":49},"skip":true}]},"10":{"line":89,"type":"switch","locations":[{"start":{"line":90,"column":12},"end":{"line":103,"column":22},"skip":true},{"start":{"line":105,"column":12},"end":{"line":106,"column":22},"skip":true}]},"11":{"line":89,"type":"binary-expr","locations":[{"start":{"line":89,"column":20},"end":{"line":89,"column":25},"skip":true},{"start":{"line":89,"column":29},"end":{"line":89,"column":48},"skip":true},{"start":{"line":89,"column":52},"end":{"line":89,"column":74},"skip":true}]},"12":{"line":92,"type":"if","locations":[{"start":{"line":92,"column":16},"end":{"line":92,"column":16},"skip":true},{"start":{"line":92,"column":16},"end":{"line":92,"column":16},"skip":true}]},"13":{"line":108,"type":"if","locations":[{"start":{"line":108,"column":12},"end":{"line":108,"column":12},"skip":true},{"start":{"line":108,"column":12},"end":{"line":108,"column":12},"skip":true}]},"14":{"line":108,"type":"binary-expr","locations":[{"start":{"line":108,"column":16},"end":{"line":108,"column":61},"skip":true},{"start":{"line":108,"column":66},"end":{"line":108,"column":72},"skip":true},{"start":{"line":108,"column":77},"end":{"line":108,"column":82},"skip":true},{"start":{"line":109,"column":20},"end":{"line":109,"column":39},"skip":true},{"start":{"line":110,"column":20},"end":{"line":110,"column":49},"skip":true},{"start":{"line":111,"column":20},"end":{"line":111,"column":58},"skip":true},{"start":{"line":112,"column":20},"end":{"line":112,"column":68},"skip":true}]},"15":{"line":129,"type":"if","locations":[{"start":{"line":129,"column":16},"end":{"line":129,"column":16},"skip":true},{"start":{"line":129,"column":16},"end":{"line":129,"column":16},"skip":true}]},"16":{"line":134,"type":"cond-expr","locations":[{"start":{"line":135,"column":26},"end":{"line":135,"column":29},"skip":true},{"start":{"line":136,"column":26},"end":{"line":136,"column":54},"skip":true}]},"17":{"line":164,"type":"binary-expr","locations":[{"start":{"line":164,"column":27},"end":{"line":164,"column":43},"skip":true},{"start":{"line":164,"column":47},"end":{"line":164,"column":49},"skip":true}]},"18":{"line":258,"type":"if","locations":[{"start":{"line":258,"column":8},"end":{"line":258,"column":8},"skip":true},{"start":{"line":258,"column":8},"end":{"line":258,"column":8},"skip":true}]},"19":{"line":275,"type":"switch","locations":[{"start":{"line":276,"column":20},"end":{"line":277,"column":64},"skip":true},{"start":{"line":278,"column":20},"end":{"line":279,"column":40},"skip":true},{"start":{"line":280,"column":20},"end":{"line":281,"column":40},"skip":true},{"start":{"line":282,"column":20},"end":{"line":283,"column":39},"skip":true}]},"20":{"line":288,"type":"if","locations":[{"start":{"line":288,"column":8},"end":{"line":288,"column":8},"skip":true},{"start":{"line":288,"column":8},"end":{"line":288,"column":8},"skip":true}]},"21":{"line":288,"type":"binary-expr","locations":[{"start":{"line":288,"column":12},"end":{"line":288,"column":40},"skip":true},{"start":{"line":288,"column":44},"end":{"line":288,"column":67},"skip":true}]},"22":{"line":292,"type":"binary-expr","locations":[{"start":{"line":292,"column":12},"end":{"line":292,"column":50},"skip":true},{"start":{"line":293,"column":12},"end":{"line":293,"column":53},"skip":true}]},"23":{"line":297,"type":"binary-expr","locations":[{"start":{"line":297,"column":12},"end":{"line":297,"column":69},"skip":true},{"start":{"line":298,"column":12},"end":{"line":301,"column":36},"skip":true}]},"24":{"line":303,"type":"binary-expr","locations":[{"start":{"line":303,"column":43},"end":{"line":303,"column":75},"skip":true},{"start":{"line":303,"column":79},"end":{"line":303,"column":81},"skip":true}]},"25":{"line":306,"type":"if","locations":[{"start":{"line":306,"column":8},"end":{"line":306,"column":8},"skip":true},{"start":{"line":306,"column":8},"end":{"line":306,"column":8},"skip":true}]},"26":{"line":310,"type":"if","locations":[{"start":{"line":310,"column":8},"end":{"line":310,"column":8},"skip":true},{"start":{"line":310,"column":8},"end":{"line":310,"column":8},"skip":true}]},"27":{"line":313,"type":"binary-expr","locations":[{"start":{"line":313,"column":27},"end":{"line":313,"column":43},"skip":true},{"start":{"line":313,"column":47},"end":{"line":313,"column":53},"skip":true}]},"28":{"line":317,"type":"if","locations":[{"start":{"line":317,"column":12},"end":{"line":317,"column":12},"skip":true},{"start":{"line":317,"column":12},"end":{"line":317,"column":12},"skip":true}]}},"code":["/*","example.js","","quickstart example","","instruction","    1. save this script as example.js","    2. run the shell command:","        $ npm install npmtest-xss-filters && PORT=8081 node example.js","    3. play with the browser-demo on http://127.0.0.1:8081","*/","","","","/* istanbul instrument in package npmtest_xss_filters */","/*jslint","    bitwise: true,","    browser: true,","    maxerr: 8,","    maxlen: 96,","    node: true,","    nomen: true,","    regexp: true,","    stupid: true","*/","(function () {","    'use strict';","    var local;","","","","    // run shared js-env code - pre-init","    (function () {","        // init local","        local = {};","        // init modeJs","        local.modeJs = (function () {","            try {","                return typeof navigator.userAgent === 'string' &&","                    typeof document.querySelector('body') === 'object' &&","                    typeof XMLHttpRequest.prototype.open === 'function' &&","                    'browser';","            } catch (errorCaughtBrowser) {","                return module.exports &&","                    typeof process.versions.node === 'string' &&","                    typeof require('http').createServer === 'function' &&","                    'node';","            }","        }());","        // init global","        local.global = local.modeJs === 'browser'","            ? window","            : global;","        // init utility2_rollup","        local = local.global.utility2_rollup || (local.modeJs === 'browser'","            ? local.global.utility2_npmtest_xss_filters","            : global.utility2_moduleExports);","        // export local","        local.global.local = local;","    }());","    switch (local.modeJs) {","","","","    // post-init","    // run browser js-env code - post-init","    /* istanbul ignore next */","    case 'browser':","        local.testRunBrowser = function (event) {","            if (!event || (event &&","                    event.currentTarget &&","                    event.currentTarget.className &&","                    event.currentTarget.className.includes &&","                    event.currentTarget.className.includes('onreset'))) {","                // reset output","                Array.from(","                    document.querySelectorAll('body > .resettable')","                ).forEach(function (element) {","                    switch (element.tagName) {","                    case 'INPUT':","                    case 'TEXTAREA':","                        element.value = '';","                        break;","                    default:","                        element.textContent = '';","                    }","                });","            }","            switch (event && event.currentTarget && event.currentTarget.id) {","            case 'testRunButton1':","                // show tests","                if (document.querySelector('#testReportDiv1').style.display === 'none') {","                    document.querySelector('#testReportDiv1').style.display = 'block';","                    document.querySelector('#testRunButton1').textContent =","                        'hide internal test';","                    local.modeTest = true;","                    local.testRunDefault(local);","                // hide tests","                } else {","                    document.querySelector('#testReportDiv1').style.display = 'none';","                    document.querySelector('#testRunButton1').textContent = 'run internal test';","                }","                break;","            // custom-case","            default:","                break;","            }","            if (document.querySelector('#inputTextareaEval1') && (!event || (event &&","                    event.currentTarget &&","                    event.currentTarget.className &&","                    event.currentTarget.className.includes &&","                    event.currentTarget.className.includes('oneval')))) {","                // try to eval input-code","                try {","                    /*jslint evil: true*/","                    eval(document.querySelector('#inputTextareaEval1').value);","                } catch (errorCaught) {","                    console.error(errorCaught);","                }","            }","        };","        // log stderr and stdout to #outputTextareaStdout1","        ['error', 'log'].forEach(function (key) {","            console[key + '_original'] = console[key];","            console[key] = function () {","                var element;","                console[key + '_original'].apply(console, arguments);","                element = document.querySelector('#outputTextareaStdout1');","                if (!element) {","                    return;","                }","                // append text to #outputTextareaStdout1","                element.value += Array.from(arguments).map(function (arg) {","                    return typeof arg === 'string'","                        ? arg","                        : JSON.stringify(arg, null, 4);","                }).join(' ') + '\\n';","                // scroll textarea to bottom","                element.scrollTop = element.scrollHeight;","            };","        });","        // init event-handling","        ['change', 'click', 'keyup'].forEach(function (event) {","            Array.from(document.querySelectorAll('.on' + event)).forEach(function (element) {","                element.addEventListener(event, local.testRunBrowser);","            });","        });","        // run tests","        local.testRunBrowser();","        break;","","","","    // run node js-env code - post-init","    /* istanbul ignore next */","    case 'node':","        // export local","        module.exports = local;","        // require modules","        local.fs = require('fs');","        local.http = require('http');","        local.url = require('url');","        // init assets","        local.assetsDict = local.assetsDict || {};","        /* jslint-ignore-begin */","        local.assetsDict['/assets.index.template.html'] = '\\","<!doctype html>\\n\\","<html lang=\"en\">\\n\\","<head>\\n\\","<meta charset=\"UTF-8\">\\n\\","<meta name=\"viewport\" content=\"width=device-width, initial-scale=1\">\\n\\","<title>{{env.npm_package_name}} (v{{env.npm_package_version}})</title>\\n\\","<style>\\n\\","/*csslint\\n\\","    box-sizing: false,\\n\\","    universal-selector: false\\n\\","*/\\n\\","* {\\n\\","    box-sizing: border-box;\\n\\","}\\n\\","body {\\n\\","    background: #dde;\\n\\","    font-family: Arial, Helvetica, sans-serif;\\n\\","    margin: 2rem;\\n\\","}\\n\\","body > * {\\n\\","    margin-bottom: 1rem;\\n\\","}\\n\\",".utility2FooterDiv {\\n\\","    margin-top: 20px;\\n\\","    text-align: center;\\n\\","}\\n\\","</style>\\n\\","<style>\\n\\","/*csslint\\n\\","*/\\n\\","textarea {\\n\\","    font-family: monospace;\\n\\","    height: 10rem;\\n\\","    width: 100%;\\n\\","}\\n\\","textarea[readonly] {\\n\\","    background: #ddd;\\n\\","}\\n\\","</style>\\n\\","</head>\\n\\","<body>\\n\\","<!-- utility2-comment\\n\\","<div id=\"ajaxProgressDiv1\" style=\"background: #d00; height: 2px; left: 0; margin: 0; padding: 0; position: fixed; top: 0; transition: background 0.5s, width 1.5s; width: 25%;\"></div>\\n\\","utility2-comment -->\\n\\","<h1>\\n\\","<!-- utility2-comment\\n\\","    <a\\n\\","        {{#if env.npm_package_homepage}}\\n\\","        href=\"{{env.npm_package_homepage}}\"\\n\\","        {{/if env.npm_package_homepage}}\\n\\","        target=\"_blank\"\\n\\","    >\\n\\","utility2-comment -->\\n\\","        {{env.npm_package_name}} (v{{env.npm_package_version}})\\n\\","<!-- utility2-comment\\n\\","    </a>\\n\\","utility2-comment -->\\n\\","</h1>\\n\\","<h3>{{env.npm_package_description}}</h3>\\n\\","<!-- utility2-comment\\n\\","<h4><a download href=\"assets.app.js\">download standalone app</a></h4>\\n\\","<button class=\"onclick onreset\" id=\"testRunButton1\">run internal test</button><br>\\n\\","<div id=\"testReportDiv1\" style=\"display: none;\"></div>\\n\\","utility2-comment -->\\n\\","\\n\\","\\n\\","\\n\\","<label>stderr and stdout</label>\\n\\","<textarea class=\"resettable\" id=\"outputTextareaStdout1\" readonly></textarea>\\n\\","<!-- utility2-comment\\n\\","{{#if isRollup}}\\n\\","<script src=\"assets.app.js\"></script>\\n\\","{{#unless isRollup}}\\n\\","utility2-comment -->\\n\\","<script src=\"assets.utility2.rollup.js\"></script>\\n\\","<script src=\"jsonp.utility2._stateInit?callback=window.utility2._stateInit\"></script>\\n\\","<script src=\"assets.npmtest_xss_filters.rollup.js\"></script>\\n\\","<script src=\"assets.example.js\"></script>\\n\\","<script src=\"assets.test.js\"></script>\\n\\","<!-- utility2-comment\\n\\","{{/if isRollup}}\\n\\","utility2-comment -->\\n\\","<div class=\"utility2FooterDiv\">\\n\\","    [ this app was created with\\n\\","    <a href=\"https://github.com/kaizhu256/node-utility2\" target=\"_blank\">utility2</a>\\n\\","    ]\\n\\","</div>\\n\\","</body>\\n\\","</html>\\n\\","';","        /* jslint-ignore-end */","        if (local.templateRender) {","            local.assetsDict['/'] = local.templateRender(","                local.assetsDict['/assets.index.template.html'],","                {","                    env: local.objectSetDefault(local.env, {","                        npm_package_description: 'the greatest app in the world!',","                        npm_package_name: 'my-app',","                        npm_package_nameAlias: 'my_app',","                        npm_package_version: '0.0.1'","                    })","                }","            );","        } else {","            local.assetsDict['/'] = local.assetsDict['/assets.index.template.html']","                .replace((/\\{\\{env\\.(\\w+?)\\}\\}/g), function (match0, match1) {","                    // jslint-hack","                    String(match0);","                    switch (match1) {","                    case 'npm_package_description':","                        return 'the greatest app in the world!';","                    case 'npm_package_name':","                        return 'my-app';","                    case 'npm_package_nameAlias':","                        return 'my_app';","                    case 'npm_package_version':","                        return '0.0.1';","                    }","                });","        }","        // run the cli","        if (local.global.utility2_rollup || module !== require.main) {","            break;","        }","        local.assetsDict['/assets.example.js'] =","            local.assetsDict['/assets.example.js'] ||","            local.fs.readFileSync(__filename, 'utf8');","        // bug-workaround - long $npm_package_buildCustomOrg","        /* jslint-ignore-begin */","        local.assetsDict['/assets.npmtest_xss_filters.rollup.js'] =","            local.assetsDict['/assets.npmtest_xss_filters.rollup.js'] ||","            local.fs.readFileSync(","                local.npmtest_xss_filters.__dirname + '/lib.npmtest_xss_filters.js',","                'utf8'","            ).replace((/^#!/), '//');","        /* jslint-ignore-end */","        local.assetsDict['/favicon.ico'] = local.assetsDict['/favicon.ico'] || '';","        // if $npm_config_timeout_exit exists,","        // then exit this process after $npm_config_timeout_exit ms","        if (Number(process.env.npm_config_timeout_exit)) {","            setTimeout(process.exit, Number(process.env.npm_config_timeout_exit));","        }","        // start server","        if (local.global.utility2_serverHttp1) {","            break;","        }","        process.env.PORT = process.env.PORT || '8081';","        console.error('server starting on port ' + process.env.PORT);","        local.http.createServer(function (request, response) {","            request.urlParsed = local.url.parse(request.url);","            if (local.assetsDict[request.urlParsed.pathname] !== undefined) {","                response.end(local.assetsDict[request.urlParsed.pathname]);","                return;","            }","            response.statusCode = 404;","            response.end();","        }).listen(process.env.PORT);","        break;","    }","}());",""],"l":{"26":2,"28":2,"33":2,"35":2,"37":2,"38":2,"39":2,"44":1,"51":2,"55":2,"59":2,"61":2,"69":1,"70":2,"76":2,"79":2,"82":2,"83":2,"85":1,"89":2,"92":1,"93":1,"94":1,"96":1,"97":1,"100":1,"101":1,"103":1,"106":1,"108":2,"114":1,"116":1,"118":1,"123":1,"124":2,"125":2,"126":3,"127":3,"128":3,"129":3,"130":1,"133":3,"134":3,"139":3,"143":1,"144":3,"145":1,"149":1,"150":1,"158":1,"160":1,"161":1,"162":1,"164":1,"166":1,"258":1,"259":1,"271":1,"274":6,"275":6,"277":1,"279":2,"281":1,"283":2,"288":1,"289":1,"291":1,"296":1,"303":1,"306":1,"307":1,"310":1,"311":1,"313":1,"314":1,"315":1,"316":1,"317":1,"318":1,"319":1,"321":1,"322":1,"324":1}},"/home/travis/build/npmtest/node-npmtest-xss-filters/node_modules/xss-filters/src/xss-filters.js":{"path":"/home/travis/build/npmtest/node-npmtest-xss-filters/node_modules/xss-filters/src/xss-filters.js","s":{"1":1,"2":1,"3":1,"4":1,"5":1,"6":1,"7":1,"8":0,"9":0,"10":0,"11":0,"12":0,"13":0,"14":0,"15":1,"16":0,"17":0,"18":1,"19":0,"20":0,"21":1,"22":0,"23":0,"24":0,"25":0,"26":0,"27":1,"28":0,"29":1,"30":0,"31":0,"32":1,"33":0,"34":0,"35":0,"36":1,"37":0,"38":0,"39":0,"40":0,"41":0,"42":0,"43":0,"44":0,"45":0,"46":0,"47":0,"48":0,"49":0,"50":0,"51":0,"52":0,"53":0,"54":0,"55":0,"56":0,"57":0,"58":0,"59":0,"60":0,"61":0,"62":1,"63":1,"64":0,"65":1,"66":1,"67":1,"68":1,"69":1,"70":1,"71":0,"72":1,"73":0,"74":1,"75":0,"76":1,"77":1,"78":0,"79":1,"80":0,"81":1,"82":0,"83":1,"84":0,"85":1,"86":1,"87":0,"88":1,"89":1,"90":1,"91":1,"92":1,"93":1,"94":0,"95":1,"96":0,"97":1,"98":0,"99":1,"100":1,"101":0,"102":1,"103":0,"104":1,"105":0,"106":1,"107":0,"108":1,"109":1},"b":{"1":[0,0],"2":[0,0],"3":[1,0],"4":[0,0],"5":[0,0],"6":[0,0],"7":[0,0,0],"8":[0,0],"9":[0,0],"10":[0,0],"11":[0,0],"12":[0,0],"13":[0,0],"14":[0,0],"15":[0,0],"16":[0,0],"17":[0,0],"18":[0,0],"19":[0,0],"20":[0,0],"21":[0,0],"22":[0,0],"23":[0,0],"24":[0,0],"25":[0,0],"26":[0,0],"27":[0,0],"28":[0,0],"29":[0,0],"30":[0,0],"31":[0,0],"32":[0,0],"33":[0,0],"34":[0,0],"35":[0,0],"36":[0,0],"37":[0,0],"38":[0,0],"39":[0,0],"40":[0,0],"41":[0,0,0],"42":[0,0],"43":[0,0],"44":[0,0],"45":[0,0],"46":[0,0],"47":[0,0],"48":[0,0],"49":[0,0],"50":[0,0],"51":[0,0,0,0,0,0,0,0,0,0,0,0,0,0],"52":[0,0],"53":[0,0],"54":[0,0],"55":[0,0],"56":[0,0],"57":[0,0],"58":[0,0],"59":[0,0],"60":[0,0,0,0],"61":[0,0],"62":[0,0],"63":[0,0],"64":[0,0],"65":[0,0],"66":[0,0],"67":[0,0],"68":[0,0],"69":[0,0],"70":[0,0],"71":[0,0],"72":[0,0],"73":[0,0],"74":[0,0],"75":[0,0],"76":[0,0],"77":[0,0]},"f":{"1":1,"2":0,"3":0,"4":0,"5":0,"6":0,"7":0,"8":0,"9":0,"10":0,"11":0,"12":0,"13":0,"14":0,"15":0,"16":0,"17":0,"18":0,"19":0,"20":0,"21":0,"22":0,"23":0,"24":0,"25":0,"26":0,"27":0,"28":0,"29":0,"30":0,"31":0,"32":0,"33":0,"34":0,"35":0,"36":0,"37":0,"38":0,"39":0,"40":0,"41":0,"42":0,"43":0,"44":0,"45":0,"46":0,"47":0,"48":0,"49":0},"fnMap":{"1":{"name":"(anonymous_1)","line":12,"loc":{"start":{"line":12,"column":26},"end":{"line":12,"column":38}}},"2":{"name":"(anonymous_2)","line":64,"loc":{"start":{"line":64,"column":21},"end":{"line":64,"column":52}}},"3":{"name":"(anonymous_3)","line":69,"loc":{"start":{"line":69,"column":48},"end":{"line":69,"column":68}}},"4":{"name":"getProtocol","line":84,"loc":{"start":{"line":84,"column":4},"end":{"line":84,"column":30}}},"5":{"name":"htmlDecode","line":90,"loc":{"start":{"line":90,"column":4},"end":{"line":90,"column":69}}},"6":{"name":"regExpFunction","line":95,"loc":{"start":{"line":95,"column":8},"end":{"line":95,"column":55}}},"7":{"name":"cssEncode","line":169,"loc":{"start":{"line":169,"column":4},"end":{"line":169,"column":28}}},"8":{"name":"cssBlacklist","line":173,"loc":{"start":{"line":173,"column":4},"end":{"line":173,"column":29}}},"9":{"name":"(anonymous_9)","line":174,"loc":{"start":{"line":174,"column":40},"end":{"line":174,"column":51}}},"10":{"name":"cssUrl","line":176,"loc":{"start":{"line":176,"column":4},"end":{"line":176,"column":23}}},"11":{"name":"(anonymous_11)","line":188,"loc":{"start":{"line":188,"column":16},"end":{"line":188,"column":30}}},"12":{"name":"(anonymous_12)","line":209,"loc":{"start":{"line":209,"column":13},"end":{"line":209,"column":25}}},"13":{"name":"(anonymous_13)","line":221,"loc":{"start":{"line":221,"column":11},"end":{"line":221,"column":23}}},"14":{"name":"(anonymous_14)","line":222,"loc":{"start":{"line":222,"column":53},"end":{"line":222,"column":66}}},"15":{"name":"(anonymous_15)","line":233,"loc":{"start":{"line":233,"column":12},"end":{"line":233,"column":24}}},"16":{"name":"(anonymous_16)","line":239,"loc":{"start":{"line":239,"column":12},"end":{"line":239,"column":25}}},"17":{"name":"(anonymous_17)","line":255,"loc":{"start":{"line":255,"column":12},"end":{"line":255,"column":25}}},"18":{"name":"(anonymous_18)","line":256,"loc":{"start":{"line":256,"column":56},"end":{"line":256,"column":67}}},"19":{"name":"(anonymous_19)","line":269,"loc":{"start":{"line":269,"column":14},"end":{"line":269,"column":27}}},"20":{"name":"(anonymous_20)","line":275,"loc":{"start":{"line":275,"column":14},"end":{"line":275,"column":27}}},"21":{"name":"(anonymous_21)","line":308,"loc":{"start":{"line":308,"column":14},"end":{"line":308,"column":27}}},"22":{"name":"(anonymous_22)","line":309,"loc":{"start":{"line":309,"column":68},"end":{"line":309,"column":81}}},"23":{"name":"(anonymous_23)","line":331,"loc":{"start":{"line":331,"column":14},"end":{"line":331,"column":27}}},"24":{"name":"(anonymous_24)","line":337,"loc":{"start":{"line":337,"column":16},"end":{"line":337,"column":29}}},"25":{"name":"(anonymous_25)","line":338,"loc":{"start":{"line":338,"column":45},"end":{"line":338,"column":60}}},"26":{"name":"(anonymous_26)","line":344,"loc":{"start":{"line":344,"column":15},"end":{"line":344,"column":28}}},"27":{"name":"(anonymous_27)","line":365,"loc":{"start":{"line":365,"column":14},"end":{"line":365,"column":26}}},"28":{"name":"(anonymous_28)","line":371,"loc":{"start":{"line":371,"column":14},"end":{"line":371,"column":26}}},"29":{"name":"(anonymous_29)","line":376,"loc":{"start":{"line":376,"column":14},"end":{"line":376,"column":26}}},"30":{"name":"(anonymous_30)","line":385,"loc":{"start":{"line":385,"column":15},"end":{"line":385,"column":27}}},"31":{"name":"(anonymous_31)","line":386,"loc":{"start":{"line":386,"column":55},"end":{"line":386,"column":70}}},"32":{"name":"(anonymous_32)","line":394,"loc":{"start":{"line":394,"column":15},"end":{"line":394,"column":27}}},"33":{"name":"(anonymous_33)","line":399,"loc":{"start":{"line":399,"column":15},"end":{"line":399,"column":27}}},"34":{"name":"uriInAttr","line":416,"loc":{"start":{"line":416,"column":0},"end":{"line":416,"column":32}}},"35":{"name":"(anonymous_35)","line":573,"loc":{"start":{"line":573,"column":32},"end":{"line":573,"column":45}}},"36":{"name":"(anonymous_36)","line":600,"loc":{"start":{"line":600,"column":32},"end":{"line":600,"column":45}}},"37":{"name":"(anonymous_37)","line":628,"loc":{"start":{"line":628,"column":28},"end":{"line":628,"column":41}}},"38":{"name":"(anonymous_38)","line":681,"loc":{"start":{"line":681,"column":27},"end":{"line":681,"column":40}}},"39":{"name":"(anonymous_39)","line":710,"loc":{"start":{"line":710,"column":36},"end":{"line":710,"column":49}}},"40":{"name":"(anonymous_40)","line":736,"loc":{"start":{"line":736,"column":36},"end":{"line":736,"column":49}}},"41":{"name":"(anonymous_41)","line":763,"loc":{"start":{"line":763,"column":32},"end":{"line":763,"column":45}}},"42":{"name":"(anonymous_42)","line":814,"loc":{"start":{"line":814,"column":31},"end":{"line":814,"column":44}}},"43":{"name":"(anonymous_43)","line":883,"loc":{"start":{"line":883,"column":41},"end":{"line":883,"column":54}}},"44":{"name":"(anonymous_44)","line":909,"loc":{"start":{"line":909,"column":41},"end":{"line":909,"column":54}}},"45":{"name":"(anonymous_45)","line":936,"loc":{"start":{"line":936,"column":37},"end":{"line":936,"column":50}}},"46":{"name":"(anonymous_46)","line":987,"loc":{"start":{"line":987,"column":36},"end":{"line":987,"column":49}}},"47":{"name":"(anonymous_47)","line":1019,"loc":{"start":{"line":1019,"column":40},"end":{"line":1019,"column":53}}},"48":{"name":"(anonymous_48)","line":1050,"loc":{"start":{"line":1050,"column":40},"end":{"line":1050,"column":53}}},"49":{"name":"(anonymous_49)","line":1080,"loc":{"start":{"line":1080,"column":36},"end":{"line":1080,"column":49}}}},"statementMap":{"1":{"start":{"line":12,"column":0},"end":{"line":403,"column":2}},"2":{"start":{"line":14,"column":4},"end":{"line":21,"column":72}},"3":{"start":{"line":26,"column":4},"end":{"line":27,"column":288}},"4":{"start":{"line":36,"column":4},"end":{"line":45,"column":38}},"5":{"start":{"line":49,"column":4},"end":{"line":49,"column":53}},"6":{"start":{"line":58,"column":4},"end":{"line":61,"column":64}},"7":{"start":{"line":63,"column":4},"end":{"line":81,"column":10}},"8":{"start":{"line":65,"column":12},"end":{"line":67,"column":61}},"9":{"start":{"line":70,"column":12},"end":{"line":72,"column":13}},"10":{"start":{"line":71,"column":16},"end":{"line":71,"column":26}},"11":{"start":{"line":73,"column":12},"end":{"line":75,"column":13}},"12":{"start":{"line":74,"column":16},"end":{"line":74,"column":54}},"13":{"start":{"line":79,"column":12},"end":{"line":79,"column":33}},"14":{"start":{"line":80,"column":12},"end":{"line":80,"column":97}},"15":{"start":{"line":84,"column":4},"end":{"line":88,"column":5}},"16":{"start":{"line":85,"column":8},"end":{"line":85,"column":49}},"17":{"start":{"line":87,"column":8},"end":{"line":87,"column":86}},"18":{"start":{"line":90,"column":4},"end":{"line":167,"column":5}},"19":{"start":{"line":92,"column":8},"end":{"line":92,"column":61}},"20":{"start":{"line":93,"column":8},"end":{"line":93,"column":59}},"21":{"start":{"line":95,"column":8},"end":{"line":162,"column":9}},"22":{"start":{"line":96,"column":12},"end":{"line":160,"column":13}},"23":{"start":{"line":97,"column":16},"end":{"line":97,"column":62}},"24":{"start":{"line":130,"column":16},"end":{"line":159,"column":40}},"25":{"start":{"line":161,"column":12},"end":{"line":161,"column":53}},"26":{"start":{"line":164,"column":8},"end":{"line":166,"column":87}},"27":{"start":{"line":169,"column":4},"end":{"line":172,"column":5}},"28":{"start":{"line":171,"column":8},"end":{"line":171,"column":73}},"29":{"start":{"line":173,"column":4},"end":{"line":175,"column":5}},"30":{"start":{"line":174,"column":8},"end":{"line":174,"column":74}},"31":{"start":{"line":174,"column":53},"end":{"line":174,"column":70}},"32":{"start":{"line":176,"column":4},"end":{"line":184,"column":5}},"33":{"start":{"line":178,"column":8},"end":{"line":178,"column":36}},"34":{"start":{"line":179,"column":8},"end":{"line":179,"column":38}},"35":{"start":{"line":183,"column":8},"end":{"line":183,"column":92}},"36":{"start":{"line":186,"column":4},"end":{"line":402,"column":7}},"37":{"start":{"line":189,"column":12},"end":{"line":202,"column":74}},"38":{"start":{"line":210,"column":12},"end":{"line":210,"column":49}},"39":{"start":{"line":212,"column":12},"end":{"line":212,"column":136}},"40":{"start":{"line":222,"column":12},"end":{"line":229,"column":15}},"41":{"start":{"line":223,"column":16},"end":{"line":228,"column":45}},"42":{"start":{"line":234,"column":12},"end":{"line":234,"column":47}},"43":{"start":{"line":240,"column":12},"end":{"line":240,"column":45}},"44":{"start":{"line":256,"column":12},"end":{"line":264,"column":15}},"45":{"start":{"line":257,"column":16},"end":{"line":263,"column":65}},"46":{"start":{"line":270,"column":12},"end":{"line":270,"column":49}},"47":{"start":{"line":276,"column":12},"end":{"line":276,"column":49}},"48":{"start":{"line":309,"column":12},"end":{"line":323,"column":15}},"49":{"start":{"line":310,"column":16},"end":{"line":322,"column":49}},"50":{"start":{"line":332,"column":12},"end":{"line":332,"column":68}},"51":{"start":{"line":338,"column":12},"end":{"line":340,"column":15}},"52":{"start":{"line":339,"column":16},"end":{"line":339,"column":39}},"53":{"start":{"line":345,"column":12},"end":{"line":345,"column":39}},"54":{"start":{"line":366,"column":12},"end":{"line":366,"column":30}},"55":{"start":{"line":367,"column":12},"end":{"line":367,"column":129}},"56":{"start":{"line":372,"column":12},"end":{"line":372,"column":91}},"57":{"start":{"line":377,"column":12},"end":{"line":377,"column":91}},"58":{"start":{"line":386,"column":12},"end":{"line":390,"column":15}},"59":{"start":{"line":387,"column":16},"end":{"line":389,"column":52}},"60":{"start":{"line":395,"column":12},"end":{"line":395,"column":29}},"61":{"start":{"line":400,"column":12},"end":{"line":400,"column":53}},"62":{"start":{"line":407,"column":0},"end":{"line":407,"column":67}},"63":{"start":{"line":416,"column":0},"end":{"line":418,"column":1}},"64":{"start":{"line":417,"column":4},"end":{"line":417,"column":64}},"65":{"start":{"line":442,"column":0},"end":{"line":442,"column":36}},"66":{"start":{"line":470,"column":0},"end":{"line":470,"column":39}},"67":{"start":{"line":492,"column":0},"end":{"line":492,"column":46}},"68":{"start":{"line":514,"column":0},"end":{"line":514,"column":46}},"69":{"start":{"line":547,"column":0},"end":{"line":547,"column":42}},"70":{"start":{"line":573,"column":0},"end":{"line":575,"column":2}},"71":{"start":{"line":574,"column":4},"end":{"line":574,"column":42}},"72":{"start":{"line":600,"column":0},"end":{"line":602,"column":2}},"73":{"start":{"line":601,"column":4},"end":{"line":601,"column":42}},"74":{"start":{"line":628,"column":0},"end":{"line":630,"column":2}},"75":{"start":{"line":629,"column":4},"end":{"line":629,"column":42}},"76":{"start":{"line":655,"column":0},"end":{"line":655,"column":43}},"77":{"start":{"line":681,"column":0},"end":{"line":683,"column":2}},"78":{"start":{"line":682,"column":4},"end":{"line":682,"column":49}},"79":{"start":{"line":710,"column":0},"end":{"line":712,"column":2}},"80":{"start":{"line":711,"column":4},"end":{"line":711,"column":58}},"81":{"start":{"line":736,"column":0},"end":{"line":738,"column":2}},"82":{"start":{"line":737,"column":4},"end":{"line":737,"column":58}},"83":{"start":{"line":763,"column":0},"end":{"line":765,"column":2}},"84":{"start":{"line":764,"column":4},"end":{"line":764,"column":58}},"85":{"start":{"line":790,"column":0},"end":{"line":790,"column":43}},"86":{"start":{"line":814,"column":0},"end":{"line":816,"column":2}},"87":{"start":{"line":815,"column":4},"end":{"line":815,"column":45}},"88":{"start":{"line":825,"column":0},"end":{"line":825,"column":71}},"89":{"start":{"line":833,"column":0},"end":{"line":833,"column":71}},"90":{"start":{"line":841,"column":0},"end":{"line":841,"column":63}},"91":{"start":{"line":849,"column":0},"end":{"line":849,"column":55}},"92":{"start":{"line":857,"column":0},"end":{"line":857,"column":61}},"93":{"start":{"line":883,"column":0},"end":{"line":885,"column":2}},"94":{"start":{"line":884,"column":4},"end":{"line":884,"column":48}},"95":{"start":{"line":909,"column":0},"end":{"line":911,"column":2}},"96":{"start":{"line":910,"column":4},"end":{"line":910,"column":48}},"97":{"start":{"line":936,"column":0},"end":{"line":938,"column":2}},"98":{"start":{"line":937,"column":4},"end":{"line":937,"column":48}},"99":{"start":{"line":963,"column":0},"end":{"line":963,"column":49}},"100":{"start":{"line":987,"column":0},"end":{"line":989,"column":2}},"101":{"start":{"line":988,"column":4},"end":{"line":988,"column":46}},"102":{"start":{"line":1019,"column":0},"end":{"line":1021,"column":2}},"103":{"start":{"line":1020,"column":4},"end":{"line":1020,"column":66}},"104":{"start":{"line":1050,"column":0},"end":{"line":1052,"column":2}},"105":{"start":{"line":1051,"column":4},"end":{"line":1051,"column":66}},"106":{"start":{"line":1080,"column":0},"end":{"line":1082,"column":2}},"107":{"start":{"line":1081,"column":4},"end":{"line":1081,"column":66}},"108":{"start":{"line":1091,"column":0},"end":{"line":1091,"column":63}},"109":{"start":{"line":1099,"column":0},"end":{"line":1099,"column":69}}},"branchMap":{"1":{"line":65,"type":"cond-expr","locations":[{"start":{"line":65,"column":37},"end":{"line":65,"column":48}},{"start":{"line":66,"column":22},"end":{"line":67,"column":60}}]},"2":{"line":66,"type":"cond-expr","locations":[{"start":{"line":66,"column":46},"end":{"line":66,"column":52}},{"start":{"line":67,"column":22},"end":{"line":67,"column":60}}]},"3":{"line":69,"type":"binary-expr","locations":[{"start":{"line":69,"column":24},"end":{"line":69,"column":44}},{"start":{"line":69,"column":48},"end":{"line":81,"column":9}}]},"4":{"line":70,"type":"if","locations":[{"start":{"line":70,"column":12},"end":{"line":70,"column":12}},{"start":{"line":70,"column":12},"end":{"line":70,"column":12}}]},"5":{"line":73,"type":"if","locations":[{"start":{"line":73,"column":12},"end":{"line":73,"column":12}},{"start":{"line":73,"column":12},"end":{"line":73,"column":12}}]},"6":{"line":87,"type":"cond-expr","locations":[{"start":{"line":87,"column":74},"end":{"line":87,"column":78}},{"start":{"line":87,"column":81},"end":{"line":87,"column":85}}]},"7":{"line":87,"type":"binary-expr","locations":[{"start":{"line":87,"column":16},"end":{"line":87,"column":20}},{"start":{"line":87,"column":25},"end":{"line":87,"column":39}},{"start":{"line":87,"column":43},"end":{"line":87,"column":69}}]},"8":{"line":92,"type":"binary-expr","locations":[{"start":{"line":92,"column":22},"end":{"line":92,"column":33}},{"start":{"line":92,"column":37},"end":{"line":92,"column":60}}]},"9":{"line":93,"type":"binary-expr","locations":[{"start":{"line":93,"column":21},"end":{"line":93,"column":31}},{"start":{"line":93,"column":35},"end":{"line":93,"column":58}}]},"10":{"line":96,"type":"if","locations":[{"start":{"line":96,"column":12},"end":{"line":96,"column":12}},{"start":{"line":96,"column":12},"end":{"line":96,"column":12}}]},"11":{"line":97,"type":"cond-expr","locations":[{"start":{"line":97,"column":45},"end":{"line":97,"column":48}},{"start":{"line":97,"column":51},"end":{"line":97,"column":60}}]},"12":{"line":130,"type":"cond-expr","locations":[{"start":{"line":130,"column":41},"end":{"line":130,"column":59}},{"start":{"line":131,"column":26},"end":{"line":159,"column":39}}]},"13":{"line":131,"type":"cond-expr","locations":[{"start":{"line":131,"column":41},"end":{"line":131,"column":49}},{"start":{"line":132,"column":26},"end":{"line":159,"column":39}}]},"14":{"line":132,"type":"cond-expr","locations":[{"start":{"line":132,"column":41},"end":{"line":132,"column":49}},{"start":{"line":133,"column":26},"end":{"line":159,"column":39}}]},"15":{"line":133,"type":"cond-expr","locations":[{"start":{"line":133,"column":41},"end":{"line":133,"column":49}},{"start":{"line":134,"column":26},"end":{"line":159,"column":39}}]},"16":{"line":134,"type":"cond-expr","locations":[{"start":{"line":134,"column":41},"end":{"line":134,"column":49}},{"start":{"line":135,"column":26},"end":{"line":159,"column":39}}]},"17":{"line":135,"type":"cond-expr","locations":[{"start":{"line":135,"column":41},"end":{"line":135,"column":49}},{"start":{"line":136,"column":26},"end":{"line":159,"column":39}}]},"18":{"line":136,"type":"cond-expr","locations":[{"start":{"line":136,"column":41},"end":{"line":136,"column":49}},{"start":{"line":137,"column":26},"end":{"line":159,"column":39}}]},"19":{"line":137,"type":"cond-expr","locations":[{"start":{"line":137,"column":41},"end":{"line":137,"column":49}},{"start":{"line":138,"column":26},"end":{"line":159,"column":39}}]},"20":{"line":138,"type":"cond-expr","locations":[{"start":{"line":138,"column":41},"end":{"line":138,"column":49}},{"start":{"line":139,"column":26},"end":{"line":159,"column":39}}]},"21":{"line":139,"type":"cond-expr","locations":[{"start":{"line":139,"column":41},"end":{"line":139,"column":49}},{"start":{"line":140,"column":26},"end":{"line":159,"column":39}}]},"22":{"line":140,"type":"cond-expr","locations":[{"start":{"line":140,"column":41},"end":{"line":140,"column":49}},{"start":{"line":141,"column":26},"end":{"line":159,"column":39}}]},"23":{"line":141,"type":"cond-expr","locations":[{"start":{"line":141,"column":41},"end":{"line":141,"column":49}},{"start":{"line":142,"column":26},"end":{"line":159,"column":39}}]},"24":{"line":142,"type":"cond-expr","locations":[{"start":{"line":142,"column":41},"end":{"line":142,"column":49}},{"start":{"line":143,"column":26},"end":{"line":159,"column":39}}]},"25":{"line":143,"type":"cond-expr","locations":[{"start":{"line":143,"column":41},"end":{"line":143,"column":49}},{"start":{"line":144,"column":26},"end":{"line":159,"column":39}}]},"26":{"line":144,"type":"cond-expr","locations":[{"start":{"line":144,"column":41},"end":{"line":144,"column":49}},{"start":{"line":145,"column":26},"end":{"line":159,"column":39}}]},"27":{"line":145,"type":"cond-expr","locations":[{"start":{"line":145,"column":41},"end":{"line":145,"column":49}},{"start":{"line":146,"column":26},"end":{"line":159,"column":39}}]},"28":{"line":146,"type":"cond-expr","locations":[{"start":{"line":146,"column":41},"end":{"line":146,"column":49}},{"start":{"line":147,"column":26},"end":{"line":159,"column":39}}]},"29":{"line":147,"type":"cond-expr","locations":[{"start":{"line":147,"column":41},"end":{"line":147,"column":49}},{"start":{"line":148,"column":26},"end":{"line":159,"column":39}}]},"30":{"line":148,"type":"cond-expr","locations":[{"start":{"line":148,"column":41},"end":{"line":148,"column":49}},{"start":{"line":149,"column":26},"end":{"line":159,"column":39}}]},"31":{"line":149,"type":"cond-expr","locations":[{"start":{"line":149,"column":41},"end":{"line":149,"column":49}},{"start":{"line":150,"column":26},"end":{"line":159,"column":39}}]},"32":{"line":150,"type":"cond-expr","locations":[{"start":{"line":150,"column":41},"end":{"line":150,"column":49}},{"start":{"line":151,"column":26},"end":{"line":159,"column":39}}]},"33":{"line":151,"type":"cond-expr","locations":[{"start":{"line":151,"column":41},"end":{"line":151,"column":49}},{"start":{"line":152,"column":26},"end":{"line":159,"column":39}}]},"34":{"line":152,"type":"cond-expr","locations":[{"start":{"line":152,"column":41},"end":{"line":152,"column":49}},{"start":{"line":153,"column":26},"end":{"line":159,"column":39}}]},"35":{"line":153,"type":"cond-expr","locations":[{"start":{"line":153,"column":41},"end":{"line":153,"column":49}},{"start":{"line":154,"column":26},"end":{"line":159,"column":39}}]},"36":{"line":154,"type":"cond-expr","locations":[{"start":{"line":154,"column":41},"end":{"line":154,"column":49}},{"start":{"line":155,"column":26},"end":{"line":159,"column":39}}]},"37":{"line":155,"type":"cond-expr","locations":[{"start":{"line":155,"column":41},"end":{"line":155,"column":49}},{"start":{"line":156,"column":26},"end":{"line":159,"column":39}}]},"38":{"line":156,"type":"cond-expr","locations":[{"start":{"line":156,"column":41},"end":{"line":156,"column":49}},{"start":{"line":157,"column":26},"end":{"line":159,"column":39}}]},"39":{"line":157,"type":"cond-expr","locations":[{"start":{"line":157,"column":41},"end":{"line":157,"column":49}},{"start":{"line":158,"column":26},"end":{"line":159,"column":39}}]},"40":{"line":158,"type":"cond-expr","locations":[{"start":{"line":158,"column":77},"end":{"line":158,"column":85}},{"start":{"line":159,"column":26},"end":{"line":159,"column":39}}]},"41":{"line":158,"type":"binary-expr","locations":[{"start":{"line":158,"column":27},"end":{"line":158,"column":40}},{"start":{"line":158,"column":44},"end":{"line":158,"column":57}},{"start":{"line":158,"column":62},"end":{"line":158,"column":74}}]},"42":{"line":161,"type":"binary-expr","locations":[{"start":{"line":161,"column":19},"end":{"line":161,"column":47}},{"start":{"line":161,"column":51},"end":{"line":161,"column":52}}]},"43":{"line":161,"type":"binary-expr","locations":[{"start":{"line":161,"column":31},"end":{"line":161,"column":36}},{"start":{"line":161,"column":40},"end":{"line":161,"column":46}}]},"44":{"line":164,"type":"cond-expr","locations":[{"start":{"line":164,"column":34},"end":{"line":164,"column":45}},{"start":{"line":165,"column":14},"end":{"line":166,"column":86}}]},"45":{"line":165,"type":"cond-expr","locations":[{"start":{"line":165,"column":34},"end":{"line":165,"column":40}},{"start":{"line":166,"column":14},"end":{"line":166,"column":86}}]},"46":{"line":183,"type":"cond-expr","locations":[{"start":{"line":183,"column":79},"end":{"line":183,"column":87}},{"start":{"line":183,"column":90},"end":{"line":183,"column":91}}]},"47":{"line":183,"type":"binary-expr","locations":[{"start":{"line":183,"column":16},"end":{"line":183,"column":24}},{"start":{"line":183,"column":28},"end":{"line":183,"column":75}}]},"48":{"line":189,"type":"cond-expr","locations":[{"start":{"line":189,"column":55},"end":{"line":189,"column":57}},{"start":{"line":190,"column":16},"end":{"line":202,"column":73}}]},"49":{"line":189,"type":"binary-expr","locations":[{"start":{"line":189,"column":19},"end":{"line":189,"column":36}},{"start":{"line":189,"column":40},"end":{"line":189,"column":52}}]},"50":{"line":190,"type":"cond-expr","locations":[{"start":{"line":202,"column":44},"end":{"line":202,"column":52}},{"start":{"line":202,"column":55},"end":{"line":202,"column":73}}]},"51":{"line":190,"type":"binary-expr","locations":[{"start":{"line":190,"column":16},"end":{"line":190,"column":44}},{"start":{"line":191,"column":16},"end":{"line":191,"column":24}},{"start":{"line":192,"column":16},"end":{"line":192,"column":30}},{"start":{"line":195,"column":17},"end":{"line":195,"column":28}},{"start":{"line":195,"column":32},"end":{"line":195,"column":43}},{"start":{"line":196,"column":17},"end":{"line":196,"column":28}},{"start":{"line":196,"column":32},"end":{"line":196,"column":43}},{"start":{"line":197,"column":17},"end":{"line":197,"column":28}},{"start":{"line":197,"column":32},"end":{"line":197,"column":43}},{"start":{"line":198,"column":17},"end":{"line":198,"column":30}},{"start":{"line":198,"column":34},"end":{"line":198,"column":47}},{"start":{"line":200,"column":17},"end":{"line":200,"column":29}},{"start":{"line":201,"column":16},"end":{"line":201,"column":41}},{"start":{"line":202,"column":16},"end":{"line":202,"column":41}}]},"52":{"line":212,"type":"cond-expr","locations":[{"start":{"line":212,"column":23},"end":{"line":212,"column":128}},{"start":{"line":212,"column":131},"end":{"line":212,"column":135}}]},"53":{"line":223,"type":"cond-expr","locations":[{"start":{"line":223,"column":35},"end":{"line":223,"column":42}},{"start":{"line":224,"column":23},"end":{"line":228,"column":44}}]},"54":{"line":224,"type":"cond-expr","locations":[{"start":{"line":224,"column":35},"end":{"line":224,"column":41}},{"start":{"line":225,"column":23},"end":{"line":228,"column":44}}]},"55":{"line":225,"type":"cond-expr","locations":[{"start":{"line":225,"column":35},"end":{"line":225,"column":41}},{"start":{"line":226,"column":23},"end":{"line":228,"column":44}}]},"56":{"line":226,"type":"cond-expr","locations":[{"start":{"line":226,"column":35},"end":{"line":226,"column":43}},{"start":{"line":227,"column":23},"end":{"line":228,"column":44}}]},"57":{"line":227,"type":"cond-expr","locations":[{"start":{"line":227,"column":35},"end":{"line":227,"column":42}},{"start":{"line":228,"column":37},"end":{"line":228,"column":44}}]},"58":{"line":257,"type":"cond-expr","locations":[{"start":{"line":257,"column":38},"end":{"line":257,"column":46}},{"start":{"line":258,"column":22},"end":{"line":263,"column":64}}]},"59":{"line":258,"type":"cond-expr","locations":[{"start":{"line":258,"column":76},"end":{"line":258,"column":83}},{"start":{"line":263,"column":43},"end":{"line":263,"column":64}}]},"60":{"line":258,"type":"binary-expr","locations":[{"start":{"line":258,"column":22},"end":{"line":258,"column":33}},{"start":{"line":258,"column":37},"end":{"line":258,"column":47}},{"start":{"line":258,"column":51},"end":{"line":258,"column":60}},{"start":{"line":258,"column":64},"end":{"line":258,"column":73}}]},"61":{"line":310,"type":"cond-expr","locations":[{"start":{"line":310,"column":38},"end":{"line":310,"column":44}},{"start":{"line":311,"column":23},"end":{"line":322,"column":48}}]},"62":{"line":311,"type":"cond-expr","locations":[{"start":{"line":311,"column":38},"end":{"line":311,"column":45}},{"start":{"line":312,"column":23},"end":{"line":322,"column":48}}]},"63":{"line":312,"type":"cond-expr","locations":[{"start":{"line":312,"column":38},"end":{"line":312,"column":45}},{"start":{"line":313,"column":23},"end":{"line":322,"column":48}}]},"64":{"line":313,"type":"cond-expr","locations":[{"start":{"line":313,"column":38},"end":{"line":313,"column":45}},{"start":{"line":314,"column":23},"end":{"line":322,"column":48}}]},"65":{"line":314,"type":"cond-expr","locations":[{"start":{"line":314,"column":38},"end":{"line":314,"column":45}},{"start":{"line":315,"column":23},"end":{"line":322,"column":48}}]},"66":{"line":315,"type":"cond-expr","locations":[{"start":{"line":315,"column":38},"end":{"line":315,"column":45}},{"start":{"line":316,"column":23},"end":{"line":322,"column":48}}]},"67":{"line":316,"type":"cond-expr","locations":[{"start":{"line":316,"column":38},"end":{"line":316,"column":45}},{"start":{"line":317,"column":23},"end":{"line":322,"column":48}}]},"68":{"line":317,"type":"cond-expr","locations":[{"start":{"line":317,"column":38},"end":{"line":317,"column":44}},{"start":{"line":318,"column":23},"end":{"line":322,"column":48}}]},"69":{"line":318,"type":"cond-expr","locations":[{"start":{"line":318,"column":38},"end":{"line":318,"column":44}},{"start":{"line":319,"column":23},"end":{"line":322,"column":48}}]},"70":{"line":319,"type":"cond-expr","locations":[{"start":{"line":319,"column":38},"end":{"line":319,"column":46}},{"start":{"line":320,"column":23},"end":{"line":322,"column":48}}]},"71":{"line":320,"type":"cond-expr","locations":[{"start":{"line":320,"column":38},"end":{"line":320,"column":45}},{"start":{"line":321,"column":23},"end":{"line":322,"column":48}}]},"72":{"line":321,"type":"cond-expr","locations":[{"start":{"line":321,"column":38},"end":{"line":321,"column":45}},{"start":{"line":322,"column":40},"end":{"line":322,"column":48}}]},"73":{"line":332,"type":"cond-expr","locations":[{"start":{"line":332,"column":55},"end":{"line":332,"column":63}},{"start":{"line":332,"column":66},"end":{"line":332,"column":67}}]},"74":{"line":367,"type":"cond-expr","locations":[{"start":{"line":367,"column":45},"end":{"line":367,"column":46}},{"start":{"line":367,"column":49},"end":{"line":367,"column":128}}]},"75":{"li
[...]
is filter is to be placed in HTML Data state for a URI Component.","*","* <p>Notice: The actual implementation skips inHTMLData(), since '<' is already encoded as '%3C' by encodeURIComponent().</p>","*","* <ul>","* <li><a href=\"https://developer.mozilla.org/en-US/docs/Web/JavaScript/Reference/Global_Objects/encodeURIComponent\">encodeURIComponent | MDN</a></li>","* <li><a href=\"http://tools.ietf.org/html/rfc3986\">RFC 3986</a></li>","* <li><a href=\"https://html.spec.whatwg.org/multipage/syntax.html#data-state\">HTML5 Data State</a></li>","* </ul>","*","* @example","* // output context to be applied by this filter.","* <a href=\"http://example.com/\">http://example.com/?q={{{uriComponentInHTMLData uri_component}}}</a>","* <a href=\"http://example.com/\">http://example.com/#{{{uriComponentInHTMLData uri_fragment}}}</a>","* ","*/","exports.uriComponentInHTMLData = privFilters.yuc;","","","/**","* @function module:xss-filters#uriComponentInHTMLComment","*","* @param {string} s - An untrusted user input, supposedly a URI Component","* @returns {string} The string s encoded by window.encodeURIComponent(), and finally inHTMLComment()","*","* @description","* This filter is to be placed in HTML Comment state for a URI Component.","*","* <ul>","* <li><a href=\"https://developer.mozilla.org/en-US/docs/Web/JavaScript/Reference/Global_Objects/encodeURIComponent\">encodeURIComponent | MDN</a></li>","* <li><a href=\"http://tools.ietf.org/html/rfc3986\">RFC 3986</a></li>","* <li><a href=\"https://html.spec.whatwg.org/multipage/syntax.html#data-state\">HTML5 Data State</a></li>","* <li><a href=\"https://html.spec.whatwg.org/multipage/syntax.html#comment-state\">HTML5 Comment State</a></li>","* </ul>","*","* @example","* // output context to be applied by this filter.","* <!-- http://example.com/?q={{{uriComponentInHTMLComment uri_component}}} -->","* <!-- http://example.com/#{{{uriComponentInHTMLComment uri_fragment}}} -->","*/","exports.uriComponentInHTMLComment = function (s) {","    return privFilters.yc(privFilters.yuc(s));","};","","","// uriFragmentInSingleQuotedAttr","// added yubl on top of uriComponentInAttr ","// Rationale: given pattern like this: <a href='{{{uriFragmentInSingleQuotedAttr s}}}'>","//            developer may expect s is always prefixed with #, but an attacker can abuse it with 'javascript:alert(1)'","","/**","* @function module:xss-filters#uriFragmentInSingleQuotedAttr","*","* @param {string} s - An untrusted user input, supposedly a URI Fragment","* @returns {string} The string s encoded first by window.encodeURIComponent(), then inSingleQuotedAttr(), and finally prefix the resulted string with 'x-' if it begins with 'javascript:' or 'vbscript:' that could possibly lead to script execution","*","* @description","* This filter is to be placed in HTML Attribute Value (single-quoted) state for a URI Fragment.<br/>","* The correct order of encoders is thus: first window.encodeURIComponent(), then inSingleQuotedAttr(), and finally prefix the resulted string with 'x-' if it begins with 'javascript:' or 'vbscript:' that could possibly lead to script execution","*","*","* <ul>","* <li><a href=\"https://developer.mozilla.org/en-US/docs/Web/JavaScript/Reference/Global_Objects/encodeURIComponent\">encodeURIComponent | MDN</a></li>","* <li><a href=\"http://tools.ietf.org/html/rfc3986\">RFC 3986</a></li>","* <li><a href=\"https://html.spec.whatwg.org/multipage/syntax.html#attribute-value-(single-quoted)-state\">HTML5 Attribute Value (Single-Quoted) State</a></li>","* </ul>","*","* @example","* // output context to be applied by this filter.","* <a href='http://example.com/#{{{uriFragmentInSingleQuotedAttr uri_fragment}}}'>link</a>","* ","*/","exports.uriFragmentInSingleQuotedAttr = function (s) {","    return privFilters.yubl(privFilters.yavs(privFilters.yuc(s)));","};","","// uriFragmentInDoubleQuotedAttr","// added yubl on top of uriComponentInAttr ","// Rationale: given pattern like this: <a href=\"{{{uriFragmentInDoubleQuotedAttr s}}}\">","//            developer may expect s is always prefixed with #, but an attacker can abuse it with 'javascript:alert(1)'","","/**","* @function module:xss-filters#uriFragmentInDoubleQuotedAttr","*","* @param {string} s - An untrusted user input, supposedly a URI Fragment","* @returns {string} The string s encoded first by window.encodeURIComponent(), then inDoubleQuotedAttr(), and finally prefix the resulted string with 'x-' if it begins with 'javascript:' or 'vbscript:' that could possibly lead to script execution","*","* @description","* This filter is to be placed in HTML Attribute Value (double-quoted) state for a URI Fragment.<br/>","* The correct order of encoders is thus: first window.encodeURIComponent(), then inDoubleQuotedAttr(), and finally prefix the resulted string with 'x-' if it begins with 'javascript:' or 'vbscript:' that could possibly lead to script execution","*","*","* <ul>","* <li><a href=\"https://developer.mozilla.org/en-US/docs/Web/JavaScript/Reference/Global_Objects/encodeURIComponent\">encodeURIComponent | MDN</a></li>","* <li><a href=\"http://tools.ietf.org/html/rfc3986\">RFC 3986</a></li>","* <li><a href=\"https://html.spec.whatwg.org/multipage/syntax.html#attribute-value-(double-quoted)-state\">HTML5 Attribute Value (Double-Quoted) State</a></li>","* </ul>","*","* @example","* // output context to be applied by this filter.","* <a href=\"http://example.com/#{{{uriFragmentInDoubleQuotedAttr uri_fragment}}}\">link</a>","* ","*/","exports.uriFragmentInDoubleQuotedAttr = function (s) {","    return privFilters.yubl(privFilters.yavd(privFilters.yuc(s)));","};","","// uriFragmentInUnQuotedAttr","// added yubl on top of uriComponentInAttr ","// Rationale: given pattern like this: <a href={{{uriFragmentInUnQuotedAttr s}}}>","//            developer may expect s is always prefixed with #, but an attacker can abuse it with 'javascript:alert(1)'","","/**","* @function module:xss-filters#uriFragmentInUnQuotedAttr","*","* @param {string} s - An untrusted user input, supposedly a URI Fragment","* @returns {string} The string s encoded first by window.encodeURIComponent(), then inUnQuotedAttr(), and finally prefix the resulted string with 'x-' if it begins with 'javascript:' or 'vbscript:' that could possibly lead to script execution","*","* @description","* This filter is to be placed in HTML Attribute Value (unquoted) state for a URI Fragment.<br/>","* The correct order of encoders is thus: first the built-in encodeURIComponent(), then inUnQuotedAttr(), and finally prefix the resulted string with 'x-' if it begins with 'javascript:' or 'vbscript:' that could possibly lead to script execution","*","* <ul>","* <li><a href=\"https://developer.mozilla.org/en-US/docs/Web/JavaScript/Reference/Global_Objects/encodeURIComponent\">encodeURIComponent | MDN</a></li>","* <li><a href=\"http://tools.ietf.org/html/rfc3986\">RFC 3986</a></li>","* <li><a href=\"https://html.spec.whatwg.org/multipage/syntax.html#attribute-value-(unquoted)-state\">HTML5 Attribute Value (Unquoted) State</a></li>","* </ul>","*","* @example","* // output context to be applied by this filter.","* <a href=http://example.com/#{{{uriFragmentInUnQuotedAttr uri_fragment}}}>link</a>","* ","*/","exports.uriFragmentInUnQuotedAttr = function (s) {","    return privFilters.yubl(privFilters.yavu(privFilters.yuc(s)));","};","","","/**","* @function module:xss-filters#uriFragmentInHTMLData","* @description This is an alias of {@link module:xss-filters#uriComponentInHTMLData}","* ","* @alias module:xss-filters#uriComponentInHTMLData","*/","exports.uriFragmentInHTMLData = exports.uriComponentInHTMLData;","","/**","* @function module:xss-filters#uriFragmentInHTMLComment","* @description This is an alias of {@link module:xss-filters#uriComponentInHTMLComment}","* ","* @alias module:xss-filters#uriComponentInHTMLComment","*/","exports.uriFragmentInHTMLComment = exports.uriComponentInHTMLComment;",""],"l":{"12":1,"14":1,"26":1,"36":1,"49":1,"58":1,"63":1,"65":0,"70":0,"71":0,"73":0,"74":0,"79":0,"80":0,"84":1,"85":0,"87":0,"90":1,"92":0,"93":0,"95":1,"96":0,"97":0,"130":0,"161":0,"164":0,"169":1,"171":0,"173":1,"174":0,"176":1,"178":0,"179":0,"183":0,"186":1,"189":0,"210":0,"212":0,"222":0,"223":0,"234":0,"240":0,"256":0,"257":0,"270":0,"276":0,"309":0,"310":0,"332":0,"338":0,"339":0,"345":0,"366":0,"367":0,"372":0,"377":0,"386":0,"387":0,"395":0,"400":0,"407":1,"416":1,"417":0,"442":1,"470":1,"492":1,"514":1,"547":1,"573":1,"574":0,"600":1,"601":0,"628":1,"629":0,"655":1,"681":1,"682":0,"710":1,"711":0,"736":1,"737":0,"763":1,"764":0,"790":1,"814":1,"815":0,"825":1,"833":1,"841":1,"849":1,"857":1,"883":1,"884":0,"909":1,"910":0,"936":1,"937":0,"963":1,"987":1,"988":0,"1019":1,"1020":0,"1050":1,"1051":0,"1080":1,"1081":0,"1091":1,"1099":1}},"/home/travis/build/npmtest/node-npmtest-xss-filters/node_modules/xss-filters/Gruntfile.js":{"path":"/home/travis/build/npmtest/node-npmtest-xss-filters/node_modules/xss-filters/Gruntfile.js","s":{"1":1,"2":0,"3":0,"4":0,"5":0,"6":0,"7":0,"8":0,"9":0,"10":0,"11":0,"12":0,"13":0,"14":0,"15":0,"16":0},"b":{"1":[0,0],"2":[0,0]},"f":{"1":0},"fnMap":{"1":{"name":"(anonymous_1)","line":6,"loc":{"start":{"line":6,"column":17},"end":{"line":6,"column":33}}}},"statementMap":{"1":{"start":{"line":6,"column":0},"end":{"line":119,"column":2}},"2":{"start":{"line":8,"column":2},"end":{"line":98,"column":5}},"3":{"start":{"line":100,"column":2},"end":{"line":100,"column":45}},"4":{"start":{"line":101,"column":2},"end":{"line":101,"column":41}},"5":{"start":{"line":102,"column":2},"end":{"line":102,"column":45}},"6":{"start":{"line":103,"column":2},"end":{"line":103,"column":45}},"7":{"start":{"line":104,"column":2},"end":{"line":104,"column":44}},"8":{"start":{"line":105,"column":2},"end":{"line":105,"column":36}},"9":{"start":{"line":106,"column":2},"end":{"line":106,"column":36}},"10":{"start":{"line":109,"column":2},"end":{"line":109,"column":45}},"11":{"start":{"line":111,"column":2},"end":{"line":112,"column":37}},"12":{"start":{"line":112,"column":4},"end":{"line":112,"column":37}},"13":{"start":{"line":114,"column":2},"end":{"line":114,"column":38}},"14":{"start":{"line":115,"column":2},"end":{"line":115,"column":54}},"15":{"start":{"line":116,"column":2},"end":{"line":116,"column":40}},"16":{"start":{"line":117,"column":2},"end":{"line":117,"column":50}}},"branchMap":{"1":{"line":111,"type":"if","locations":[{"start":{"line":111,"column":2},"end":{"line":111,"column":2}},{"start":{"line":111,"column":2},"end":{"line":111,"column":2}}]},"2":{"line":111,"type":"binary-expr","locations":[{"start":{"line":111,"column":6},"end":{"line":111,"column":24}},{"start":{"line":111,"column":28},"end":{"line":111,"column":70}}]}},"code":["/*","Copyright (c) 2015, Yahoo! Inc. All rights reserved.","Copyrights licensed under the New BSD License.","See the accompanying LICENSE file for terms.","*/","module.exports = function(grunt) {","","  grunt.initConfig({","    pkg: grunt.file.readJSON('package.json'),","    jshint: {","      files: ['src/*.js'],","      options: {","        scripturl: true,","        camelcase: true,","        unused: true,","        curly: true,","        node: true","      }","    },","    jsdoc : {","      dist : {","        src: ['README.md', 'src/<%= pkg.name %>.js'], ","        options: {","          destination: 'dist/docs',","          template : 'node_modules/ink-docstrap/template'","        }","      }","    },","    browserify: {","      standalone: {","        src: [ 'src/<%= pkg.name %>.js' ],","        dest: 'dist/<%= pkg.name %>.js',","        options: {","          browserifyOptions: {","            standalone: 'xssFilters'","          }","        }","      }","    },","    uglify: {","      options: {","        banner: '/**\\n'","              + ' * <%= pkg.name %> - v<%= pkg.version %>\\n'","              + ' * Yahoo! Inc. Copyrights licensed under the New BSD License. See the accompanying LICENSE file for terms.\\n'","              + ' */\\n',","        compress: {","          join_vars: true","        },","        screwIE8: false // must turn it off, otherwise, \\x0B will be converted as \\v, which is interpreted as v in IE8 or below","      },","      buildBrowserified: {","        src: 'dist/<%= pkg.name %>.js',","        dest: 'dist/<%= pkg.name %>.min-browserified.js'","      },","      buildMin: {","        options: {","          wrap: 'xssFilters'","        },","        src: 'src/<%= pkg.name %>.js',","        dest: 'dist/<%= pkg.name %>.min.js'","      },","      buildMinWithVersion: {","        options: {","          wrap: 'xssFilters'","        },","        src: 'src/<%= pkg.name %>.js',","        dest: 'dist/<%= pkg.name %>.<%= pkg.version %>.min.js'","      }","    },","    mocha_istanbul: {","      coverage: {","        src: 'tests/node-unit-tests.js',","        options: {","          coverageFolder: 'artifacts/test/coverage',","          check: {","            lines: 80,","            statements: 80","          },","          timeout: 10000","        }","      }","    },","    karma: {","      options: {","        configFile: 'karma.conf.js'","      },","      ci: {","        ","      },","      dev: {","        reporters: 'dots',","        browsers: ['Chrome']","      }","    },","    clean: {","      all: ['artifacts', 'node_modules', 'bower_components']","    }","  });","","  grunt.loadNpmTasks('grunt-mocha-istanbul');","  grunt.loadNpmTasks('grunt-browserify');","  grunt.loadNpmTasks('grunt-contrib-uglify');","  grunt.loadNpmTasks('grunt-contrib-jshint');","  grunt.loadNpmTasks('grunt-contrib-clean');","  grunt.loadNpmTasks('grunt-jsdoc');","  grunt.loadNpmTasks('grunt-karma');","","","  var testSet = ['jshint', 'mocha_istanbul'];","","  if (process.env.TRAVIS && process.env.TRAVIS_NODE_VERSION === '0.12')","    testSet.push('dist', 'karma:ci');","","  grunt.registerTask('test', testSet);","  grunt.registerTask('dist', ['browserify', 'uglify'])","  grunt.registerTask('docs', ['jsdoc']);","  grunt.registerTask('default', ['test', 'dist']);","","};",""],"l":{"6":1,"8":0,"100":0,"101":0,"102":0,"103":0,"104":0,"105":0,"106":0,"109":0,"111":0,"112":0,"114":0,"115":0,"116":0,"117":0}},"/home/travis/build/npmtest/node-npmtest-xss-filters/node_modules/xss-filters/karma.conf.js":{"path":"/home/travis/build/npmtest/node-npmtest-xss-filters/node_modules/xss-filters/karma.conf.js","s":{"1":1,"2":0,"3":0,"4":0,"5":0,"6":0,"7":0},"b":{"1":[0,0],"2":[0,0,0],"3":[0,0],"4":[0,0]},"f":{"1":0},"fnMap":{"1":{"name":"(anonymous_1)","line":1,"loc":{"start":{"line":1,"column":17},"end":{"line":1,"column":34}}}},"statementMap":{"1":{"start":{"line":1,"column":0},"end":{"line":144,"column":2}},"2":{"start":{"line":3,"column":2},"end":{"line":6,"column":3}},"3":{"start":{"line":4,"column":4},"end":{"line":4,"column":136}},"4":{"start":{"line":5,"column":4},"end":{"line":5,"column":11}},"5":{"start":{"line":9,"column":2},"end":{"line":88,"column":4}},"6":{"start":{"line":90,"column":2},"end":{"line":90,"column":68}},"7":{"start":{"line":92,"column":2},"end":{"line":143,"column":5}}},"branchMap":{"1":{"line":3,"type":"if","locations":[{"start":{"line":3,"column":2},"end":{"line":3,"column":2}},{"start":{"line":3,"column":2},"end":{"line":3,"column":2}}]},"2":{"line":3,"type":"binary-expr","locations":[{"start":{"line":3,"column":6},"end":{"line":3,"column":24}},{"start":{"line":3,"column":28},"end":{"line":3,"column":55}},{"start":{"line":3,"column":59},"end":{"line":3,"column":88}}]},"3":{"line":90,"type":"binary-expr","locations":[{"start":{"line":90,"column":14},"end":{"line":90,"column":43}},{"start":{"line":90,"column":47},"end":{"line":90,"column":67}}]},"4":{"line":133,"type":"binary-expr","locations":[{"start":{"line":133,"column":13},"end":{"line":133,"column":44}},{"start":{"line":133,"column":48},"end":{"line":133,"column":52}}]}},"code":["module.exports = function(config) {","","  if (process.env.TRAVIS && !process.env.SAUCE_USERNAME || !process.env.SAUCE_ACCESS_KEY) {","    console.warn('No SAUCE credentials found (missing SAUCE_USERNAME and SAUCE_ACCESS_KEY env variables). Skipping SauceLabs testing.');","    return;","  }","","  // Browsers to run on Sauce Labs","  var customLaunchers = {","    'SL_Chrome': {","      base: 'SauceLabs',","      browserName: 'chrome',","      version: '31'","    },","    'SL_ChromeLatest': {","      base: 'SauceLabs',","      browserName: 'chrome'","    },","    // Neither json3@socket.io.js@karma nor chai/expect.js work in IE 7","    // 'SL_InternetExplorer7': {","    //   base: 'SauceLabs',","    //   browserName: 'internet explorer',","    //   version: '7'","    // },","    'SL_InternetExplorer8': {","      base: 'SauceLabs',","      browserName: 'internet explorer',","      version: '8'","    },","    'SL_InternetExplorer9': {","      base: 'SauceLabs',","      browserName: 'internet explorer',","      version: '9'","    },","    'SL_InternetExplorer10': {","      base: 'SauceLabs',","      browserName: 'internet explorer',","      version: '10'","    },","    'SL_InternetExplorerLatest': {","      base: 'SauceLabs',","      browserName: 'internet explorer'","    },","    'SL_FireFox31': {","      base: 'SauceLabs',","      browserName: 'firefox',","      version: '31'","    },","    'SL_FireFoxLatest': {","      base: 'SauceLabs',","      browserName: 'firefox',","    },","    'SL_Safari5': {","      base: 'SauceLabs',","      browserName: 'safari',","      version: '5'","    },","    'SL_SafariLatest': {","      base: 'SauceLabs',","      browserName: 'safari',","      platform: 'OS X 10.11'","    },","    // The iPhone simulator takes more than 540s","    // 'SL_IPhone5_1': {","    //   base: 'SauceLabs',","    //   browserName: 'iphone',","    //   version: '5.1'","    // },","    // 'SL_IPhoneLatest': {","    //   base: 'SauceLabs',","    //   browserName: 'iphone'","    // },","    // The android 2.3 simulator has problem accessing the sauce-connected karma server","    // 'SL_Android2_3': {","    //   base: 'SauceLabs',","    //   browserName: 'Android',","    //   version: '2.3'","    // },","    'SL_Android4': {","      base: 'SauceLabs',","      browserName: 'Android',","      version: '4'","    },","    'SL_AndroidLatest': {","      base: 'SauceLabs',","      browserName: 'Android'","    }","  };","","  var jobId = process.env.TRAVIS_JOB_NUMBER || new Date().getTime();","","  config.set({","","    // base path that will be used to resolve all patterns (eg. files, exclude)","    basePath: '',","","","    // frameworks to use","    // available frameworks: https://npmjs.org/browse/keyword/karma-adapter","    frameworks: ['mocha'],","","","    // list of files / patterns to load in the browser","    files: [","      'node_modules/expect.js/index.js',","      'dist/xss-filters.min.js',","      'tests/polyfills.js',","      'tests/utils.js',","      'tests/unit/*.js'","    ],","","","    // test results reporter to use","    // possible values: 'dots', 'progress'","    // available reporters: https://npmjs.org/browse/keyword/karma-reporter","    reporters: ['dots', 'saucelabs'],","","","    // web server port","    port: 9876,","","    colors: true,","","    // level of logging","    // possible values: config.LOG_DISABLE || config.LOG_ERROR || config.LOG_WARN || config.LOG_INFO || config.LOG_DEBUG","    logLevel: config.LOG_INFO,","","    sauceLabs: {","      testName: 'Unit testing xss-filters',","      recordScreenshots: false,","      tags: ['xss-filters', jobId],","      tunnelIdentifier: jobId,","      build: process.env.TRAVIS_BUILD_NUMBER || null,","      startConnect: false","    },","    captureTimeout: 30000,","    customLaunchers: customLaunchers,","","    // start these browsers","    // available browser launchers: https://npmjs.org/browse/keyword/karma-launcher","    browsers: Object.keys(customLaunchers),","    singleRun: true","  });","};",""],"l":{"1":1,"3":0,"4":0,"5":0,"9":0,"90":0,"92":0}}}